# JRE version: Java(TM) SE Runtime Environment (8.0_91-b14) (build 1.8.0_91-b14)
# Java VM: Java HotSpot(TM) 64-Bit Server VM (25.91-b14 mixed mode linux-amd64 compressed oops)
Heap:
 PSYoungGen      total 1626112K, used 1098110K [0x0000000755580000, 0x00000007c0000000, 0x00000007c0000000)
  eden space 1503232K, 68% used [0x0000000755580000,0x00000007941970a8,0x00000007b1180000)
  from space 122880K, 56% used [0x00000007b8800000,0x00000007bcc48900,0x00000007c0000000)
  to   space 121344K, 0% used [0x00000007b1180000,0x00000007b1180000,0x00000007b8800000)
 ParOldGen       total 890368K, used 737323K [0x0000000680000000, 0x00000006b6580000, 0x0000000755580000)
  object space 890368K, 82% used [0x0000000680000000,0x00000006ad00af60,0x00000006b6580000)
 Metaspace       used 11924K, capacity 12160K, committed 12416K, reserved 1060864K
  class space    used 1330K, capacity 1378K, committed 1408K, reserved 1048576K
GC Heap History (10 events):
Event: 523,298 GC heap before
{Heap before GC invocations=180 (full 6):
 PSYoungGen      total 1593856K, used 1593440K [0x0000000755580000, 0x00000007c0000000, 0x00000007c0000000)
  eden space 1524224K, 100% used [0x0000000755580000,0x00000007b2600000,0x00000007b2600000)
  from space 69632K, 99% used [0x00000007b2600000,0x00000007b69983b0,0x00000007b6a00000)
  to   space 113664K, 0% used [0x00000007b9100000,0x00000007b9100000,0x00000007c0000000)
 ParOldGen       total 890368K, used 737123K [0x0000000680000000, 0x00000006b6580000, 0x0000000755580000)
  object space 890368K, 82% used [0x0000000680000000,0x00000006acfd8f60,0x00000006b6580000)
 Metaspace       used 11924K, capacity 12160K, committed 12416K, reserved 1060864K
  class space    used 1330K, capacity 1378K, committed 1408K, reserved 1048576K
Event: 523,393 GC heap after
Heap after GC invocations=180 (full 6):
 PSYoungGen      total 1624576K, used 77570K [0x0000000755580000, 0x00000007c0000000, 0x00000007c0000000)
  eden space 1510912K, 0% used [0x0000000755580000,0x0000000755580000,0x00000007b1900000)
  from space 113664K, 68% used [0x00000007b9100000,0x00000007bdcc08b0,0x00000007c0000000)
  to   space 118272K, 0% used [0x00000007b1900000,0x00000007b1900000,0x00000007b8c80000)
 ParOldGen       total 890368K, used 737123K [0x0000000680000000, 0x00000006b6580000, 0x0000000755580000)
  object space 890368K, 82% used [0x0000000680000000,0x00000006acfd8f60,0x00000006b6580000)
 Metaspace       used 11924K, capacity 12160K, committed 12416K, reserved 1060864K
  class space    used 1330K, capacity 1378K, committed 1408K, reserved 1048576K
}
Event: 526,279 GC heap before
{Heap before GC invocations=181 (full 6):
 PSYoungGen      total 1624576K, used 1588482K [0x0000000755580000, 0x00000007c0000000, 0x00000007c0000000)
  eden space 1510912K, 100% used [0x0000000755580000,0x00000007b1900000,0x00000007b1900000)
  from space 113664K, 68% used [0x00000007b9100000,0x00000007bdcc08b0,0x00000007c0000000)
  to   space 118272K, 0% used [0x00000007b1900000,0x00000007b1900000,0x00000007b8c80000)
 ParOldGen       total 890368K, used 737123K [0x0000000680000000, 0x00000006b6580000, 0x0000000755580000)
  object space 890368K, 82% used [0x0000000680000000,0x00000006acfd8f60,0x00000006b6580000)
 Metaspace       used 11924K, capacity 12160K, committed 12416K, reserved 1060864K
  class space    used 1330K, capacity 1378K, committed 1408K, reserved 1048576K
Event: 526,336 GC heap after
Heap after GC invocations=181 (full 6):
 PSYoungGen      total 1589248K, used 78210K [0x0000000755580000, 0x00000007c0000000, 0x00000007c0000000)
  eden space 1510912K, 0% used [0x0000000755580000,0x0000000755580000,0x00000007b1900000)
  from space 78336K, 99% used [0x00000007b1900000,0x00000007b65608b0,0x00000007b6580000)
  to   space 121344K, 0% used [0x00000007b8980000,0x00000007b8980000,0x00000007c0000000)
 ParOldGen       total 890368K, used 737163K [0x0000000680000000, 0x00000006b6580000, 0x0000000755580000)
  object space 890368K, 82% used [0x0000000680000000,0x00000006acfe2f60,0x00000006b6580000)
 Metaspace       used 11924K, capacity 12160K, committed 12416K, reserved 1060864K
  class space    used 1330K, capacity 1378K, committed 1408K, reserved 1048576K
}
Event: 529,039 GC heap before
{Heap before GC invocations=182 (full 6):
 PSYoungGen      total 1589248K, used 1589122K [0x0000000755580000, 0x00000007c0000000, 0x00000007c0000000)
  eden space 1510912K, 100% used [0x0000000755580000,0x00000007b1900000,0x00000007b1900000)
  from space 78336K, 99% used [0x00000007b1900000,0x00000007b65608b0,0x00000007b6580000)
  to   space 121344K, 0% used [0x00000007b8980000,0x00000007b8980000,0x00000007c0000000)
 ParOldGen       total 890368K, used 737163K [0x0000000680000000, 0x00000006b6580000, 0x0000000755580000)
  object space 890368K, 82% used [0x0000000680000000,0x00000006acfe2f60,0x00000006b6580000)
 Metaspace       used 11924K, capacity 12160K, committed 12416K, reserved 1060864K
  class space    used 1330K, capacity 1378K, committed 1408K, reserved 1048576K
Event: 529,095 GC heap after
Heap after GC invocations=182 (full 6):
 PSYoungGen      total 1624064K, used 74306K [0x0000000755580000, 0x00000007c0000000, 0x00000007c0000000)
  eden space 1502720K, 0% used [0x0000000755580000,0x0000000755580000,0x00000007b1100000)
  from space 121344K, 61% used [0x00000007b8980000,0x00000007bd210940,0x00000007c0000000)
  to   space 122368K, 0% used [0x00000007b1100000,0x00000007b1100000,0x00000007b8880000)
 ParOldGen       total 890368K, used 737219K [0x0000000680000000, 0x00000006b6580000, 0x0000000755580000)
  object space 890368K, 82% used [0x0000000680000000,0x00000006acff0f60,0x00000006b6580000)
 Metaspace       used 11924K, capacity 12160K, committed 12416K, reserved 1060864K
  class space    used 1330K, capacity 1378K, committed 1408K, reserved 1048576K
}
Event: 531,730 GC heap before
{Heap before GC invocations=183 (full 6):
 PSYoungGen      total 1624064K, used 1577026K [0x0000000755580000, 0x00000007c0000000, 0x00000007c0000000)
  eden space 1502720K, 100% used [0x0000000755580000,0x00000007b1100000,0x00000007b1100000)
  from space 121344K, 61% used [0x00000007b8980000,0x00000007bd210940,0x00000007c0000000)
  to   space 122368K, 0% used [0x00000007b1100000,0x00000007b1100000,0x00000007b8880000)
 ParOldGen       total 890368K, used 737219K [0x0000000680000000, 0x00000006b6580000, 0x0000000755580000)
  object space 890368K, 82% used [0x0000000680000000,0x00000006acff0f60,0x00000006b6580000)
 Metaspace       used 11924K, capacity 12160K, committed 12416K, reserved 1060864K
  class space    used 1330K, capacity 1378K, committed 1408K, reserved 1048576K
Event: 531,786 GC heap after
Heap after GC invocations=183 (full 6):
 PSYoungGen      total 1578496K, used 75266K [0x0000000755580000, 0x00000007c0000000, 0x00000007c0000000)
  eden space 1502720K, 0% used [0x0000000755580000,0x0000000755580000,0x00000007b1100000)
  from space 75776K, 99% used [0x00000007b1100000,0x00000007b5a80940,0x00000007b5b00000)
  to   space 122880K, 0% used [0x00000007b8800000,0x00000007b8800000,0x00000007c0000000)
 ParOldGen       total 890368K, used 737267K [0x0000000680000000, 0x00000006b6580000, 0x0000000755580000)
  object space 890368K, 82% used [0x0000000680000000,0x00000006acffcf60,0x00000006b6580000)
 Metaspace       used 11924K, capacity 12160K, committed 12416K, reserved 1060864K
  class space    used 1330K, capacity 1378K, committed 1408K, reserved 1048576K
}
Event: 534,884 GC heap before
{Heap before GC invocations=184 (full 6):
 PSYoungGen      total 1578496K, used 1577986K [0x0000000755580000, 0x00000007c0000000, 0x00000007c0000000)
  eden space 1502720K, 100% used [0x0000000755580000,0x00000007b1100000,0x00000007b1100000)
  from space 75776K, 99% used [0x00000007b1100000,0x00000007b5a80940,0x00000007b5b00000)
  to   space 122880K, 0% used [0x00000007b8800000,0x00000007b8800000,0x00000007c0000000)
 ParOldGen       total 890368K, used 737267K [0x0000000680000000, 0x00000006b6580000, 0x0000000755580000)
  object space 890368K, 82% used [0x0000000680000000,0x00000006acffcf60,0x00000006b6580000)
 Metaspace       used 11924K, capacity 12160K, committed 12416K, reserved 1060864K
  class space    used 1330K, capacity 1378K, committed 1408K, reserved 1048576K
Event: 534,940 GC heap after
Heap after GC invocations=184 (full 6):
 PSYoungGen      total 1626112K, used 69922K [0x0000000755580000, 0x00000007c0000000, 0x00000007c0000000)
  eden space 1503232K, 0% used [0x0000000755580000,0x0000000755580000,0x00000007b1180000)
  from space 122880K, 56% used [0x00000007b8800000,0x00000007bcc48900,0x00000007c0000000)
  to   space 121344K, 0% used [0x00000007b1180000,0x00000007b1180000,0x00000007b8800000)
 ParOldGen       total 890368K, used 737323K [0x0000000680000000, 0x00000006b6580000, 0x0000000755580000)
  object space 890368K, 82% used [0x0000000680000000,0x00000006ad00af60,0x00000006b6580000)
 Metaspace       used 11924K, capacity 12160K, committed 12416K, reserved 1060864K
  class space    used 1330K, capacity 1378K, committed 1408K, reserved 1048576K
}

