# JRE version: Java(TM) SE Runtime Environment (8.0_91-b14) (build 1.8.0_91-b14)
# Java VM: Java HotSpot(TM) 64-Bit Server VM (25.91-b14 mixed mode linux-amd64 compressed oops)
Heap:
 PSYoungGen      total 1551872K, used 753506K [0x0000000755580000, 0x00000007bfb80000, 0x00000007c0000000)
  eden space 1392640K, 44% used [0x0000000755580000,0x000000077b668688,0x00000007aa580000)
  from space 159232K, 81% used [0x00000007b4a00000,0x00000007bc8f0560,0x00000007be580000)
  to   space 168448K, 0% used [0x00000007aa580000,0x00000007aa580000,0x00000007b4a00000)
 ParOldGen       total 902656K, used 811305K [0x0000000680000000, 0x00000006b7180000, 0x0000000755580000)
  object space 902656K, 89% used [0x0000000680000000,0x00000006b184a638,0x00000006b7180000)
 Metaspace       used 11919K, capacity 12100K, committed 12160K, reserved 1060864K
  class space    used 1330K, capacity 1378K, committed 1408K, reserved 1048576K
GC Heap History (10 events):
Event: 700,889 GC heap before
{Heap before GC invocations=212 (full 6):
 PSYoungGen      total 1516544K, used 1414816K [0x0000000755580000, 0x00000007bbb80000, 0x00000007c0000000)
  eden space 1366528K, 100% used [0x0000000755580000,0x00000007a8c00000,0x00000007a8c00000)
  from space 150016K, 32% used [0x00000007a8c00000,0x00000007abb28090,0x00000007b1e80000)
  to   space 150016K, 0% used [0x00000007b2900000,0x00000007b2900000,0x00000007bbb80000)
 ParOldGen       total 902656K, used 804689K [0x0000000680000000, 0x00000006b7180000, 0x0000000755580000)
  object space 902656K, 89% used [0x0000000680000000,0x00000006b11d4638,0x00000006b7180000)
 Metaspace       used 11919K, capacity 12100K, committed 12160K, reserved 1060864K
  class space    used 1330K, capacity 1378K, committed 1408K, reserved 1048576K
Event: 700,914 GC heap after
Heap after GC invocations=212 (full 6):
 PSYoungGen      total 1526272K, used 43842K [0x0000000755580000, 0x00000007bbb00000, 0x00000007c0000000)
  eden space 1376768K, 0% used [0x0000000755580000,0x0000000755580000,0x00000007a9600000)
  from space 149504K, 29% used [0x00000007b2900000,0x00000007b53d0838,0x00000007bbb00000)
  to   space 150016K, 0% used [0x00000007a9600000,0x00000007a9600000,0x00000007b2880000)
 ParOldGen       total 902656K, used 805553K [0x0000000680000000, 0x00000006b7180000, 0x0000000755580000)
  object space 902656K, 89% used [0x0000000680000000,0x00000006b12ac638,0x00000006b7180000)
 Metaspace       used 11919K, capacity 12100K, committed 12160K, reserved 1060864K
  class space    used 1330K, capacity 1378K, committed 1408K, reserved 1048576K
}
Event: 712,300 GC heap before
{Heap before GC invocations=213 (full 6):
 PSYoungGen      total 1526272K, used 1420610K [0x0000000755580000, 0x00000007bbb00000, 0x00000007c0000000)
  eden space 1376768K, 100% used [0x0000000755580000,0x00000007a9600000,0x00000007a9600000)
  from space 149504K, 29% used [0x00000007b2900000,0x00000007b53d0838,0x00000007bbb00000)
  to   space 150016K, 0% used [0x00000007a9600000,0x00000007a9600000,0x00000007b2880000)
 ParOldGen       total 902656K, used 805553K [0x0000000680000000, 0x00000006b7180000, 0x0000000755580000)
  object space 902656K, 89% used [0x0000000680000000,0x00000006b12ac638,0x00000006b7180000)
 Metaspace       used 11919K, capacity 12100K, committed 12160K, reserved 1060864K
  class space    used 1330K, capacity 1378K, committed 1408K, reserved 1048576K
Event: 712,347 GC heap after
Heap after GC invocations=213 (full 6):
 PSYoungGen      total 1526784K, used 70528K [0x0000000755580000, 0x00000007bb900000, 0x00000007c0000000)
  eden space 1376768K, 0% used [0x0000000755580000,0x0000000755580000,0x00000007a9600000)
  from space 150016K, 47% used [0x00000007a9600000,0x00000007adae01d0,0x00000007b2880000)
  to   space 144384K, 0% used [0x00000007b2c00000,0x00000007b2c00000,0x00000007bb900000)
 ParOldGen       total 902656K, used 807417K [0x0000000680000000, 0x00000006b7180000, 0x0000000755580000)
  object space 902656K, 89% used [0x0000000680000000,0x00000006b147e638,0x00000006b7180000)
 Metaspace       used 11919K, capacity 12100K, committed 12160K, reserved 1060864K
  class space    used 1330K, capacity 1378K, committed 1408K, reserved 1048576K
}
Event: 714,591 GC heap before
{Heap before GC invocations=214 (full 6):
 PSYoungGen      total 1526784K, used 1446678K [0x0000000755580000, 0x00000007bb900000, 0x00000007c0000000)
  eden space 1376768K, 99% used [0x0000000755580000,0x00000007a9565688,0x00000007a9600000)
  from space 150016K, 47% used [0x00000007a9600000,0x00000007adae01d0,0x00000007b2880000)
  to   space 144384K, 0% used [0x00000007b2c00000,0x00000007b2c00000,0x00000007bb900000)
 ParOldGen       total 902656K, used 807417K [0x0000000680000000, 0x00000006b7180000, 0x0000000755580000)
  object space 902656K, 89% used [0x0000000680000000,0x00000006b147e638,0x00000006b7180000)
 Metaspace       used 11919K, capacity 12100K, committed 12160K, reserved 1060864K
  class space    used 1330K, capacity 1378K, committed 1408K, reserved 1048576K
Event: 714,684 GC heap after
Heap after GC invocations=214 (full 6):
 PSYoungGen      total 1523712K, used 113905K [0x0000000755580000, 0x00000007bcf80000, 0x00000007c0000000)
  eden space 1379328K, 0% used [0x0000000755580000,0x0000000755580000,0x00000007a9880000)
  from space 144384K, 78% used [0x00000007b2c00000,0x00000007b9b3c6b0,0x00000007bb900000)
  to   space 151040K, 0% used [0x00000007a9880000,0x00000007a9880000,0x00000007b2c00000)
 ParOldGen       total 902656K, used 808345K [0x0000000680000000, 0x00000006b7180000, 0x0000000755580000)
  object space 902656K, 89% used [0x0000000680000000,0x00000006b1566638,0x00000006b7180000)
 Metaspace       used 11919K, capacity 12100K, committed 12160K, reserved 1060864K
  class space    used 1330K, capacity 1378K, committed 1408K, reserved 1048576K
}
Event: 717,060 GC heap before
{Heap before GC invocations=215 (full 6):
 PSYoungGen      total 1523712K, used 1493233K [0x0000000755580000, 0x00000007bcf80000, 0x00000007c0000000)
  eden space 1379328K, 100% used [0x0000000755580000,0x00000007a9880000,0x00000007a9880000)
  from space 144384K, 78% used [0x00000007b2c00000,0x00000007b9b3c6b0,0x00000007bb900000)
  to   space 151040K, 0% used [0x00000007a9880000,0x00000007a9880000,0x00000007b2c00000)
 ParOldGen       total 902656K, used 808345K [0x0000000680000000, 0x00000006b7180000, 0x0000000755580000)
  object space 902656K, 89% used [0x0000000680000000,0x00000006b1566638,0x00000006b7180000)
 Metaspace       used 11919K, capacity 12100K, committed 12160K, reserved 1060864K
  class space    used 1330K, capacity 1378K, committed 1408K, reserved 1048576K
Event: 717,128 GC heap after
Heap after GC invocations=215 (full 6):
 PSYoungGen      total 1530368K, used 122786K [0x0000000755580000, 0x00000007be580000, 0x00000007c0000000)
  eden space 1379328K, 0% used [0x0000000755580000,0x0000000755580000,0x00000007a9880000)
  from space 151040K, 81% used [0x00000007a9880000,0x00000007b1068970,0x00000007b2c00000)
  to   space 159232K, 0% used [0x00000007b4a00000,0x00000007b4a00000,0x00000007be580000)
 ParOldGen       total 902656K, used 809881K [0x0000000680000000, 0x00000006b7180000, 0x0000000755580000)
  object space 902656K, 89% used [0x0000000680000000,0x00000006b16e6638,0x00000006b7180000)
 Metaspace       used 11919K, capacity 12100K, committed 12160K, reserved 1060864K
  class space    used 1330K, capacity 1378K, committed 1408K, reserved 1048576K
}
Event: 719,570 GC heap before
{Heap before GC invocations=216 (full 6):
 PSYoungGen      total 1530368K, used 1502114K [0x0000000755580000, 0x00000007be580000, 0x00000007c0000000)
  eden space 1379328K, 100% used [0x0000000755580000,0x00000007a9880000,0x00000007a9880000)
  from space 151040K, 81% used [0x00000007a9880000,0x00000007b1068970,0x00000007b2c00000)
  to   space 159232K, 0% used [0x00000007b4a00000,0x00000007b4a00000,0x00000007be580000)
 ParOldGen       total 902656K, used 809881K [0x0000000680000000, 0x00000006b7180000, 0x0000000755580000)
  object space 902656K, 89% used [0x0000000680000000,0x00000006b16e6638,0x00000006b7180000)
 Metaspace       used 11919K, capacity 12100K, committed 12160K, reserved 1060864K
  class space    used 1330K, capacity 1378K, committed 1408K, reserved 1048576K
Event: 719,655 GC heap after
Heap after GC invocations=216 (full 6):
 PSYoungGen      total 1551872K, used 129985K [0x0000000755580000, 0x00000007bfb80000, 0x00000007c0000000)
  eden space 1392640K, 0% used [0x0000000755580000,0x0000000755580000,0x00000007aa580000)
  from space 159232K, 81% used [0x00000007b4a00000,0x00000007bc8f0560,0x00000007be580000)
  to   space 168448K, 0% used [0x00000007aa580000,0x00000007aa580000,0x00000007b4a00000)
 ParOldGen       total 902656K, used 811305K [0x0000000680000000, 0x00000006b7180000, 0x0000000755580000)
  object space 902656K, 89% used [0x0000000680000000,0x00000006b184a638,0x00000006b7180000)
 Metaspace       used 11919K, capacity 12100K, committed 12160K, reserved 1060864K
  class space    used 1330K, capacity 1378K, committed 1408K, reserved 1048576K
}

