# JRE version: Java(TM) SE Runtime Environment (8.0_91-b14) (build 1.8.0_91-b14)
# Java VM: Java HotSpot(TM) 64-Bit Server VM (25.91-b14 mixed mode linux-amd64 compressed oops)
Heap:
 PSYoungGen      total 1621504K, used 1041395K [0x0000000755580000, 0x00000007c0000000, 0x00000007c0000000)
  eden space 1512960K, 64% used [0x0000000755580000,0x00000007913aab98,0x00000007b1b00000)
  from space 108544K, 55% used [0x00000007b1b00000,0x00000007b55d2310,0x00000007b8500000)
  to   space 110592K, 0% used [0x00000007b9400000,0x00000007b9400000,0x00000007c0000000)
 ParOldGen       total 827904K, used 669573K [0x0000000680000000, 0x00000006b2880000, 0x0000000755580000)
  object space 827904K, 80% used [0x0000000680000000,0x00000006a8de1658,0x00000006b2880000)
 Metaspace       used 11901K, capacity 12100K, committed 12160K, reserved 1060864K
  class space    used 1330K, capacity 1378K, committed 1408K, reserved 1048576K
GC Heap History (10 events):
Event: 608,399 GC heap before
{Heap before GC invocations=161 (full 6):
 PSYoungGen      total 1610240K, used 1496120K [0x0000000755580000, 0x00000007bfa00000, 0x00000007c0000000)
  eden space 1484288K, 99% used [0x0000000755580000,0x00000007afea5610,0x00000007aff00000)
  from space 125952K, 9% used [0x00000007b7f00000,0x00000007b8ae8a28,0x00000007bfa00000)
  to   space 128512K, 0% used [0x00000007aff00000,0x00000007aff00000,0x00000007b7c80000)
 ParOldGen       total 827904K, used 669293K [0x0000000680000000, 0x00000006b2880000, 0x0000000755580000)
  object space 827904K, 80% used [0x0000000680000000,0x00000006a8d9b658,0x00000006b2880000)
 Metaspace       used 11895K, capacity 12100K, committed 12160K, reserved 1060864K
  class space    used 1330K, capacity 1378K, committed 1408K, reserved 1048576K
Event: 608,434 GC heap after
Heap after GC invocations=161 (full 6):
 PSYoungGen      total 1612800K, used 47249K [0x0000000755580000, 0x00000007bf680000, 0x00000007c0000000)
  eden space 1484288K, 0% used [0x0000000755580000,0x0000000755580000,0x00000007aff00000)
  from space 128512K, 36% used [0x00000007aff00000,0x00000007b2d244d0,0x00000007b7c80000)
  to   space 122368K, 0% used [0x00000007b7f00000,0x00000007b7f00000,0x00000007bf680000)
 ParOldGen       total 827904K, used 669341K [0x0000000680000000, 0x00000006b2880000, 0x0000000755580000)
  object space 827904K, 80% used [0x0000000680000000,0x00000006a8da7658,0x00000006b2880000)
 Metaspace       used 11895K, capacity 12100K, committed 12160K, reserved 1060864K
  class space    used 1330K, capacity 1378K, committed 1408K, reserved 1048576K
}
Event: 619,943 GC heap before
{Heap before GC invocations=162 (full 6):
 PSYoungGen      total 1612800K, used 1531537K [0x0000000755580000, 0x00000007bf680000, 0x00000007c0000000)
  eden space 1484288K, 100% used [0x0000000755580000,0x00000007aff00000,0x00000007aff00000)
  from space 128512K, 36% used [0x00000007aff00000,0x00000007b2d244d0,0x00000007b7c80000)
  to   space 122368K, 0% used [0x00000007b7f00000,0x00000007b7f00000,0x00000007bf680000)
 ParOldGen       total 827904K, used 669341K [0x0000000680000000, 0x00000006b2880000, 0x0000000755580000)
  object space 827904K, 80% used [0x0000000680000000,0x00000006a8da7658,0x00000006b2880000)
 Metaspace       used 11901K, capacity 12100K, committed 12160K, reserved 1060864K
  class space    used 1330K, capacity 1378K, committed 1408K, reserved 1048576K
Event: 619,969 GC heap after
Heap after GC invocations=162 (full 6):
 PSYoungGen      total 1614336K, used 16273K [0x0000000755580000, 0x00000007bf200000, 0x00000007c0000000)
  eden space 1496576K, 0% used [0x0000000755580000,0x0000000755580000,0x00000007b0b00000)
  from space 117760K, 13% used [0x00000007b7f00000,0x00000007b8ee4550,0x00000007bf200000)
  to   space 118272K, 0% used [0x00000007b0b00000,0x00000007b0b00000,0x00000007b7e80000)
 ParOldGen       total 827904K, used 669397K [0x0000000680000000, 0x00000006b2880000, 0x0000000755580000)
  object space 827904K, 80% used [0x0000000680000000,0x00000006a8db5658,0x00000006b2880000)
 Metaspace       used 11901K, capacity 12100K, committed 12160K, reserved 1060864K
  class space    used 1330K, capacity 1378K, committed 1408K, reserved 1048576K
}
Event: 625,268 GC heap before
{Heap before GC invocations=163 (full 6):
 PSYoungGen      total 1614336K, used 1512849K [0x0000000755580000, 0x00000007bf200000, 0x00000007c0000000)
  eden space 1496576K, 100% used [0x0000000755580000,0x00000007b0b00000,0x00000007b0b00000)
  from space 117760K, 13% used [0x00000007b7f00000,0x00000007b8ee4550,0x00000007bf200000)
  to   space 118272K, 0% used [0x00000007b0b00000,0x00000007b0b00000,0x00000007b7e80000)
 ParOldGen       total 827904K, used 669397K [0x0000000680000000, 0x00000006b2880000, 0x0000000755580000)
  object space 827904K, 80% used [0x0000000680000000,0x00000006a8db5658,0x00000006b2880000)
 Metaspace       used 11901K, capacity 12100K, committed 12160K, reserved 1060864K
  class space    used 1330K, capacity 1378K, committed 1408K, reserved 1048576K
Event: 625,299 GC heap after
Heap after GC invocations=163 (full 6):
 PSYoungGen      total 1614848K, used 37681K [0x0000000755580000, 0x00000007bf080000, 0x00000007c0000000)
  eden space 1496576K, 0% used [0x0000000755580000,0x0000000755580000,0x00000007b0b00000)
  from space 118272K, 31% used [0x00000007b0b00000,0x00000007b2fcc680,0x00000007b7e80000)
  to   space 110080K, 0% used [0x00000007b8500000,0x00000007b8500000,0x00000007bf080000)
 ParOldGen       total 827904K, used 669445K [0x0000000680000000, 0x00000006b2880000, 0x0000000755580000)
  object space 827904K, 80% used [0x0000000680000000,0x00000006a8dc1658,0x00000006b2880000)
 Metaspace       used 11901K, capacity 12100K, committed 12160K, reserved 1060864K
  class space    used 1330K, capacity 1378K, committed 1408K, reserved 1048576K
}
Event: 826,293 GC heap before
{Heap before GC invocations=164 (full 6):
 PSYoungGen      total 1614848K, used 1534257K [0x0000000755580000, 0x00000007bf080000, 0x00000007c0000000)
  eden space 1496576K, 100% used [0x0000000755580000,0x00000007b0b00000,0x00000007b0b00000)
  from space 118272K, 31% used [0x00000007b0b00000,0x00000007b2fcc680,0x00000007b7e80000)
  to   space 110080K, 0% used [0x00000007b8500000,0x00000007b8500000,0x00000007bf080000)
 ParOldGen       total 827904K, used 669445K [0x0000000680000000, 0x00000006b2880000, 0x0000000755580000)
  object space 827904K, 80% used [0x0000000680000000,0x00000006a8dc1658,0x00000006b2880000)
 Metaspace       used 11901K, capacity 12100K, committed 12160K, reserved 1060864K
  class space    used 1330K, capacity 1378K, committed 1408K, reserved 1048576K
Event: 827,594 GC heap after
Heap after GC invocations=164 (full 6):
 PSYoungGen      total 1623040K, used 7345K [0x0000000755580000, 0x00000007bf500000, 0x00000007c0000000)
  eden space 1512960K, 0% used [0x0000000755580000,0x0000000755580000,0x00000007b1b00000)
  from space 110080K, 6% used [0x00000007b8500000,0x00000007b8c2c720,0x00000007bf080000)
  to   space 108544K, 0% used [0x00000007b1b00000,0x00000007b1b00000,0x00000007b8500000)
 ParOldGen       total 827904K, used 669509K [0x0000000680000000, 0x00000006b2880000, 0x0000000755580000)
  object space 827904K, 80% used [0x0000000680000000,0x00000006a8dd1658,0x00000006b2880000)
 Metaspace       used 11901K, capacity 12100K, committed 12160K, reserved 1060864K
  class space    used 1330K, capacity 1378K, committed 1408K, reserved 1048576K
}
Event: 867,417 GC heap before
{Heap before GC invocations=165 (full 6):
 PSYoungGen      total 1623040K, used 1520305K [0x0000000755580000, 0x00000007bf500000, 0x00000007c0000000)
  eden space 1512960K, 100% used [0x0000000755580000,0x00000007b1b00000,0x00000007b1b00000)
  from space 110080K, 6% used [0x00000007b8500000,0x00000007b8c2c720,0x00000007bf080000)
  to   space 108544K, 0% used [0x00000007b1b00000,0x00000007b1b00000,0x00000007b8500000)
 ParOldGen       total 827904K, used 669509K [0x0000000680000000, 0x00000006b2880000, 0x0000000755580000)
  object space 827904K, 80% used [0x0000000680000000,0x00000006a8dd1658,0x00000006b2880000)
 Metaspace       used 11901K, capacity 12100K, committed 12160K, reserved 1060864K
  class space    used 1330K, capacity 1378K, committed 1408K, reserved 1048576K
Event: 868,597 GC heap after
Heap after GC invocations=165 (full 6):
 PSYoungGen      total 1621504K, used 60232K [0x0000000755580000, 0x00000007c0000000, 0x00000007c0000000)
  eden space 1512960K, 0% used [0x0000000755580000,0x0000000755580000,0x00000007b1b00000)
  from space 108544K, 55% used [0x00000007b1b00000,0x00000007b55d2310,0x00000007b8500000)
  to   space 110592K, 0% used [0x00000007b9400000,0x00000007b9400000,0x00000007c0000000)
 ParOldGen       total 827904K, used 669573K [0x0000000680000000, 0x00000006b2880000, 0x0000000755580000)
  object space 827904K, 80% used [0x0000000680000000,0x00000006a8de1658,0x00000006b2880000)
 Metaspace       used 11901K, capacity 12100K, committed 12160K, reserved 1060864K
  class space    used 1330K, capacity 1378K, committed 1408K, reserved 1048576K
}

