# JRE version: Java(TM) SE Runtime Environment (8.0_91-b14) (build 1.8.0_91-b14)
# Java VM: Java HotSpot(TM) 64-Bit Server VM (25.91-b14 mixed mode linux-amd64 compressed oops)
Heap:
 PSYoungGen      total 1356800K, used 1195106K [0x0000000755580000, 0x00000007b1300000, 0x00000007c0000000)
  eden space 1233408K, 96% used [0x0000000755580000,0x000000079de28800,0x00000007a0a00000)
  from space 123392K, 5% used [0x00000007a9a80000,0x00000007aa0f0030,0x00000007b1300000)
  to   space 135680K, 0% used [0x00000007a0a00000,0x00000007a0a00000,0x00000007a8e80000)
 ParOldGen       total 877056K, used 776622K [0x0000000680000000, 0x00000006b5880000, 0x0000000755580000)
  object space 877056K, 88% used [0x0000000680000000,0x00000006af66bae0,0x00000006b5880000)
 Metaspace       used 11892K, capacity 12040K, committed 12160K, reserved 1060864K
  class space    used 1330K, capacity 1378K, committed 1408K, reserved 1048576K
GC Heap History (10 events):
Event: 413,016 GC heap before
{Heap before GC invocations=166 (full 6):
 PSYoungGen      total 1251328K, used 1223986K [0x0000000755580000, 0x00000007ac000000, 0x00000007c0000000)
  eden space 1128960K, 100% used [0x0000000755580000,0x000000079a400000,0x000000079a400000)
  from space 122368K, 77% used [0x000000079a400000,0x00000007a00cca80,0x00000007a1b80000)
  to   space 130560K, 0% used [0x00000007a4080000,0x00000007a4080000,0x00000007ac000000)
 ParOldGen       total 877056K, used 776286K [0x0000000680000000, 0x00000006b5880000, 0x0000000755580000)
  object space 877056K, 88% used [0x0000000680000000,0x00000006af617ae0,0x00000006b5880000)
 Metaspace       used 11875K, capacity 12040K, committed 12160K, reserved 1060864K
  class space    used 1329K, capacity 1378K, committed 1408K, reserved 1048576K
Event: 413,043 GC heap after
Heap after GC invocations=166 (full 6):
 PSYoungGen      total 1274880K, used 30624K [0x0000000755580000, 0x00000007ab680000, 0x00000007c0000000)
  eden space 1154048K, 0% used [0x0000000755580000,0x0000000755580000,0x000000079bc80000)
  from space 120832K, 25% used [0x00000007a4080000,0x00000007a5e68190,0x00000007ab680000)
  to   space 128000K, 0% used [0x000000079bc80000,0x000000079bc80000,0x00000007a3980000)
 ParOldGen       total 877056K, used 776406K [0x0000000680000000, 0x00000006b5880000, 0x0000000755580000)
  object space 877056K, 88% used [0x0000000680000000,0x00000006af635ae0,0x00000006b5880000)
 Metaspace       used 11875K, capacity 12040K, committed 12160K, reserved 1060864K
  class space    used 1329K, capacity 1378K, committed 1408K, reserved 1048576K
}
Event: 414,626 GC heap before
{Heap before GC invocations=167 (full 6):
 PSYoungGen      total 1274880K, used 1184672K [0x0000000755580000, 0x00000007ab680000, 0x00000007c0000000)
  eden space 1154048K, 100% used [0x0000000755580000,0x000000079bc80000,0x000000079bc80000)
  from space 120832K, 25% used [0x00000007a4080000,0x00000007a5e68190,0x00000007ab680000)
  to   space 128000K, 0% used [0x000000079bc80000,0x000000079bc80000,0x00000007a3980000)
 ParOldGen       total 877056K, used 776406K [0x0000000680000000, 0x00000006b5880000, 0x0000000755580000)
  object space 877056K, 88% used [0x0000000680000000,0x00000006af635ae0,0x00000006b5880000)
 Metaspace       used 11887K, capacity 12040K, committed 12160K, reserved 1060864K
  class space    used 1329K, capacity 1378K, committed 1408K, reserved 1048576K
Event: 414,673 GC heap after
Heap after GC invocations=167 (full 6):
 PSYoungGen      total 1282048K, used 72512K [0x0000000755580000, 0x00000007acd80000, 0x00000007c0000000)
  eden space 1154048K, 0% used [0x0000000755580000,0x0000000755580000,0x000000079bc80000)
  from space 128000K, 56% used [0x000000079bc80000,0x00000007a03503e0,0x00000007a3980000)
  to   space 126976K, 0% used [0x00000007a5180000,0x00000007a5180000,0x00000007acd80000)
 ParOldGen       total 877056K, used 776470K [0x0000000680000000, 0x00000006b5880000, 0x0000000755580000)
  object space 877056K, 88% used [0x0000000680000000,0x00000006af645ae0,0x00000006b5880000)
 Metaspace       used 11887K, capacity 12040K, committed 12160K, reserved 1060864K
  class space    used 1329K, capacity 1378K, committed 1408K, reserved 1048576K
}
Event: 416,476 GC heap before
{Heap before GC invocations=168 (full 6):
 PSYoungGen      total 1282048K, used 1226560K [0x0000000755580000, 0x00000007acd80000, 0x00000007c0000000)
  eden space 1154048K, 100% used [0x0000000755580000,0x000000079bc80000,0x000000079bc80000)
  from space 128000K, 56% used [0x000000079bc80000,0x00000007a03503e0,0x00000007a3980000)
  to   space 126976K, 0% used [0x00000007a5180000,0x00000007a5180000,0x00000007acd80000)
 ParOldGen       total 877056K, used 776470K [0x0000000680000000, 0x00000006b5880000, 0x0000000755580000)
  object space 877056K, 88% used [0x0000000680000000,0x00000006af645ae0,0x00000006b5880000)
 Metaspace       used 11887K, capacity 12040K, committed 12160K, reserved 1060864K
  class space    used 1329K, capacity 1378K, committed 1408K, reserved 1048576K
Event: 418,213 GC heap after
Heap after GC invocations=168 (full 6):
 PSYoungGen      total 1300480K, used 92321K [0x0000000755580000, 0x00000007b1380000, 0x00000007c0000000)
  eden space 1173504K, 0% used [0x0000000755580000,0x0000000755580000,0x000000079cf80000)
  from space 126976K, 72% used [0x00000007a5180000,0x00000007aaba8510,0x00000007acd80000)
  to   space 133120K, 0% used [0x000000079cf80000,0x000000079cf80000,0x00000007a5180000)
 ParOldGen       total 877056K, used 776510K [0x0000000680000000, 0x00000006b5880000, 0x0000000755580000)
  object space 877056K, 88% used [0x0000000680000000,0x00000006af64fae0,0x00000006b5880000)
 Metaspace       used 11887K, capacity 12040K, committed 12160K, reserved 1060864K
  class space    used 1329K, capacity 1378K, committed 1408K, reserved 1048576K
}
Event: 420,278 GC heap before
{Heap before GC invocations=169 (full 6):
 PSYoungGen      total 1300480K, used 1265521K [0x0000000755580000, 0x00000007b1380000, 0x00000007c0000000)
  eden space 1173504K, 99% used [0x0000000755580000,0x000000079cf342d0,0x000000079cf80000)
  from space 126976K, 72% used [0x00000007a5180000,0x00000007aaba8510,0x00000007acd80000)
  to   space 133120K, 0% used [0x000000079cf80000,0x000000079cf80000,0x00000007a5180000)
 ParOldGen       total 877056K, used 776510K [0x0000000680000000, 0x00000006b5880000, 0x0000000755580000)
  object space 877056K, 88% used [0x0000000680000000,0x00000006af64fae0,0x00000006b5880000)
 Metaspace       used 11887K, capacity 12040K, committed 12160K, reserved 1060864K
  class space    used 1329K, capacity 1378K, committed 1408K, reserved 1048576K
Event: 420,296 GC heap after
Heap after GC invocations=169 (full 6):
 PSYoungGen      total 1306624K, used 6496K [0x0000000755580000, 0x00000007b1e80000, 0x00000007c0000000)
  eden space 1173504K, 0% used [0x0000000755580000,0x0000000755580000,0x000000079cf80000)
  from space 133120K, 4% used [0x000000079cf80000,0x000000079d5d8020,0x00000007a5180000)
  to   space 135168K, 0% used [0x00000007a9a80000,0x00000007a9a80000,0x00000007b1e80000)
 ParOldGen       total 877056K, used 776558K [0x0000000680000000, 0x00000006b5880000, 0x0000000755580000)
  object space 877056K, 88% used [0x0000000680000000,0x00000006af65bae0,0x00000006b5880000)
 Metaspace       used 11887K, capacity 12040K, committed 12160K, reserved 1060864K
  class space    used 1329K, capacity 1378K, committed 1408K, reserved 1048576K
}
Event: 422,181 GC heap before
{Heap before GC invocations=170 (full 6):
 PSYoungGen      total 1306624K, used 1180000K [0x0000000755580000, 0x00000007b1e80000, 0x00000007c0000000)
  eden space 1173504K, 100% used [0x0000000755580000,0x000000079cf80000,0x000000079cf80000)
  from space 133120K, 4% used [0x000000079cf80000,0x000000079d5d8020,0x00000007a5180000)
  to   space 135168K, 0% used [0x00000007a9a80000,0x00000007a9a80000,0x00000007b1e80000)
 ParOldGen       total 877056K, used 776558K [0x0000000680000000, 0x00000006b5880000, 0x0000000755580000)
  object space 877056K, 88% used [0x0000000680000000,0x00000006af65bae0,0x00000006b5880000)
 Metaspace       used 11887K, capacity 12040K, committed 12160K, reserved 1060864K
  class space    used 1329K, capacity 1378K, committed 1408K, reserved 1048576K
Event: 422,189 GC heap after
Heap after GC invocations=170 (full 6):
 PSYoungGen      total 1356800K, used 6592K [0x0000000755580000, 0x00000007b1300000, 0x00000007c0000000)
  eden space 1233408K, 0% used [0x0000000755580000,0x0000000755580000,0x00000007a0a00000)
  from space 123392K, 5% used [0x00000007a9a80000,0x00000007aa0f0030,0x00000007b1300000)
  to   space 135680K, 0% used [0x00000007a0a00000,0x00000007a0a00000,0x00000007a8e80000)
 ParOldGen       total 877056K, used 776622K [0x0000000680000000, 0x00000006b5880000, 0x0000000755580000)
  object space 877056K, 88% used [0x0000000680000000,0x00000006af66bae0,0x00000006b5880000)
 Metaspace       used 11887K, capacity 12040K, committed 12160K, reserved 1060864K
  class space    used 1329K, capacity 1378K, committed 1408K, reserved 1048576K
}

