# JRE version: Java(TM) SE Runtime Environment (8.0_91-b14) (build 1.8.0_91-b14)
# Java VM: Java HotSpot(TM) 64-Bit Server VM (25.91-b14 mixed mode linux-amd64 compressed oops)
Heap:
 PSYoungGen      total 1620992K, used 1108912K [0x0000000755580000, 0x00000007bfe80000, 0x00000007c0000000)
  eden space 1498112K, 73% used [0x0000000755580000,0x0000000798b13bd0,0x00000007b0c80000)
  from space 122880K, 4% used [0x00000007b8680000,0x00000007b8bd84c0,0x00000007bfe80000)
  to   space 123904K, 0% used [0x00000007b0c80000,0x00000007b0c80000,0x00000007b8580000)
 ParOldGen       total 769024K, used 701395K [0x0000000680000000, 0x00000006aef00000, 0x0000000755580000)
  object space 769024K, 91% used [0x0000000680000000,0x00000006aacf4cb0,0x00000006aef00000)
 Metaspace       used 11930K, capacity 12160K, committed 12416K, reserved 1060864K
  class space    used 1330K, capacity 1378K, committed 1408K, reserved 1048576K
GC Heap History (10 events):
Event: 1112,302 GC heap before
{Heap before GC invocations=209 (full 5):
 PSYoungGen      total 1615360K, used 1559810K [0x0000000755580000, 0x00000007c0000000, 0x00000007c0000000)
  eden space 1484288K, 100% used [0x0000000755580000,0x00000007aff00000,0x00000007aff00000)
  from space 131072K, 57% used [0x00000007aff00000,0x00000007b48c0980,0x00000007b7f00000)
  to   space 131072K, 0% used [0x00000007b8000000,0x00000007b8000000,0x00000007c0000000)
 ParOldGen       total 769024K, used 701131K [0x0000000680000000, 0x00000006aef00000, 0x0000000755580000)
  object space 769024K, 91% used [0x0000000680000000,0x00000006aacb2cb0,0x00000006aef00000)
 Metaspace       used 11924K, capacity 12160K, committed 12416K, reserved 1060864K
  class space    used 1330K, capacity 1378K, committed 1408K, reserved 1048576K
Event: 1112,347 GC heap after
Heap after GC invocations=209 (full 5):
 PSYoungGen      total 1615360K, used 16256K [0x0000000755580000, 0x00000007bff00000, 0x00000007c0000000)
  eden space 1485312K, 0% used [0x0000000755580000,0x0000000755580000,0x00000007b0000000)
  from space 130048K, 12% used [0x00000007b8000000,0x00000007b8fe00d0,0x00000007bff00000)
  to   space 130560K, 0% used [0x00000007b0000000,0x00000007b0000000,0x00000007b7f80000)
 ParOldGen       total 769024K, used 701187K [0x0000000680000000, 0x00000006aef00000, 0x0000000755580000)
  object space 769024K, 91% used [0x0000000680000000,0x00000006aacc0cb0,0x00000006aef00000)
 Metaspace       used 11924K, capacity 12160K, committed 12416K, reserved 1060864K
  class space    used 1330K, capacity 1378K, committed 1408K, reserved 1048576K
}
Event: 1119,980 GC heap before
{Heap before GC invocations=210 (full 5):
 PSYoungGen      total 1615360K, used 1501568K [0x0000000755580000, 0x00000007bff00000, 0x00000007c0000000)
  eden space 1485312K, 100% used [0x0000000755580000,0x00000007b0000000,0x00000007b0000000)
  from space 130048K, 12% used [0x00000007b8000000,0x00000007b8fe00d0,0x00000007bff00000)
  to   space 130560K, 0% used [0x00000007b0000000,0x00000007b0000000,0x00000007b7f80000)
 ParOldGen       total 769024K, used 701187K [0x0000000680000000, 0x00000006aef00000, 0x0000000755580000)
  object space 769024K, 91% used [0x0000000680000000,0x00000006aacc0cb0,0x00000006aef00000)
 Metaspace       used 11924K, capacity 12160K, committed 12416K, reserved 1060864K
  class space    used 1330K, capacity 1378K, committed 1408K, reserved 1048576K
Event: 1120,103 GC heap after
Heap after GC invocations=210 (full 5):
 PSYoungGen      total 1615872K, used 71026K [0x0000000755580000, 0x00000007bfe80000, 0x00000007c0000000)
  eden space 1485312K, 0% used [0x0000000755580000,0x0000000755580000,0x00000007b0000000)
  from space 130560K, 54% used [0x00000007b0000000,0x00000007b455c810,0x00000007b7f80000)
  to   space 129536K, 0% used [0x00000007b8000000,0x00000007b8000000,0x00000007bfe80000)
 ParOldGen       total 769024K, used 701227K [0x0000000680000000, 0x00000006aef00000, 0x0000000755580000)
  object space 769024K, 91% used [0x0000000680000000,0x00000006aaccacb0,0x00000006aef00000)
 Metaspace       used 11924K, capacity 12160K, committed 12416K, reserved 1060864K
  class space    used 1330K, capacity 1378K, committed 1408K, reserved 1048576K
}
Event: 1127,406 GC heap before
{Heap before GC invocations=211 (full 5):
 PSYoungGen      total 1615872K, used 1556338K [0x0000000755580000, 0x00000007bfe80000, 0x00000007c0000000)
  eden space 1485312K, 100% used [0x0000000755580000,0x00000007b0000000,0x00000007b0000000)
  from space 130560K, 54% used [0x00000007b0000000,0x00000007b455c810,0x00000007b7f80000)
  to   space 129536K, 0% used [0x00000007b8000000,0x00000007b8000000,0x00000007bfe80000)
 ParOldGen       total 769024K, used 701227K [0x0000000680000000, 0x00000006aef00000, 0x0000000755580000)
  object space 769024K, 91% used [0x0000000680000000,0x00000006aaccacb0,0x00000006aef00000)
 Metaspace       used 11927K, capacity 12160K, committed 12416K, reserved 1060864K
  class space    used 1330K, capacity 1378K, committed 1408K, reserved 1048576K
Event: 1127,495 GC heap after
Heap after GC invocations=211 (full 5):
 PSYoungGen      total 1606144K, used 43457K [0x0000000755580000, 0x00000007bf400000, 0x00000007c0000000)
  eden space 1487360K, 0% used [0x0000000755580000,0x0000000755580000,0x00000007b0200000)
  from space 118784K, 36% used [0x00000007b8000000,0x00000007baa706f0,0x00000007bf400000)
  to   space 123904K, 0% used [0x00000007b0200000,0x00000007b0200000,0x00000007b7b00000)
 ParOldGen       total 769024K, used 701275K [0x0000000680000000, 0x00000006aef00000, 0x0000000755580000)
  object space 769024K, 91% used [0x0000000680000000,0x00000006aacd6cb0,0x00000006aef00000)
 Metaspace       used 11927K, capacity 12160K, committed 12416K, reserved 1060864K
  class space    used 1330K, capacity 1378K, committed 1408K, reserved 1048576K
}
Event: 1134,880 GC heap before
{Heap before GC invocations=212 (full 5):
 PSYoungGen      total 1606144K, used 1530817K [0x0000000755580000, 0x00000007bf400000, 0x00000007c0000000)
  eden space 1487360K, 100% used [0x0000000755580000,0x00000007b0200000,0x00000007b0200000)
  from space 118784K, 36% used [0x00000007b8000000,0x00000007baa706f0,0x00000007bf400000)
  to   space 123904K, 0% used [0x00000007b0200000,0x00000007b0200000,0x00000007b7b00000)
 ParOldGen       total 769024K, used 701275K [0x0000000680000000, 0x00000006aef00000, 0x0000000755580000)
  object space 769024K, 91% used [0x0000000680000000,0x00000006aacd6cb0,0x00000006aef00000)
 Metaspace       used 11930K, capacity 12160K, committed 12416K, reserved 1060864K
  class space    used 1330K, capacity 1378K, committed 1408K, reserved 1048576K
Event: 1134,924 GC heap after
Heap after GC invocations=212 (full 5):
 PSYoungGen      total 1611264K, used 18161K [0x0000000755580000, 0x00000007bff00000, 0x00000007c0000000)
  eden space 1487360K, 0% used [0x0000000755580000,0x0000000755580000,0x00000007b0200000)
  from space 123904K, 14% used [0x00000007b0200000,0x00000007b13bc630,0x00000007b7b00000)
  to   space 123392K, 0% used [0x00000007b8680000,0x00000007b8680000,0x00000007bff00000)
 ParOldGen       total 769024K, used 701331K [0x0000000680000000, 0x00000006aef00000, 0x0000000755580000)
  object space 769024K, 91% used [0x0000000680000000,0x00000006aace4cb0,0x00000006aef00000)
 Metaspace       used 11930K, capacity 12160K, committed 12416K, reserved 1060864K
  class space    used 1330K, capacity 1378K, committed 1408K, reserved 1048576K
}
Event: 1141,948 GC heap before
{Heap before GC invocations=213 (full 5):
 PSYoungGen      total 1611264K, used 1505521K [0x0000000755580000, 0x00000007bff00000, 0x00000007c0000000)
  eden space 1487360K, 100% used [0x0000000755580000,0x00000007b0200000,0x00000007b0200000)
  from space 123904K, 14% used [0x00000007b0200000,0x00000007b13bc630,0x00000007b7b00000)
  to   space 123392K, 0% used [0x00000007b8680000,0x00000007b8680000,0x00000007bff00000)
 ParOldGen       total 769024K, used 701331K [0x0000000680000000, 0x00000006aef00000, 0x0000000755580000)
  object space 769024K, 91% used [0x0000000680000000,0x00000006aace4cb0,0x00000006aef00000)
 Metaspace       used 11930K, capacity 12160K, committed 12416K, reserved 1060864K
  class space    used 1330K, capacity 1378K, committed 1408K, reserved 1048576K
Event: 1141,973 GC heap after
Heap after GC invocations=213 (full 5):
 PSYoungGen      total 1620992K, used 5473K [0x0000000755580000, 0x00000007bfe80000, 0x00000007c0000000)
  eden space 1498112K, 0% used [0x0000000755580000,0x0000000755580000,0x00000007b0c80000)
  from space 122880K, 4% used [0x00000007b8680000,0x00000007b8bd84c0,0x00000007bfe80000)
  to   space 123904K, 0% used [0x00000007b0c80000,0x00000007b0c80000,0x00000007b8580000)
 ParOldGen       total 769024K, used 701395K [0x0000000680000000, 0x00000006aef00000, 0x0000000755580000)
  object space 769024K, 91% used [0x0000000680000000,0x00000006aacf4cb0,0x00000006aef00000)
 Metaspace       used 11930K, capacity 12160K, committed 12416K, reserved 1060864K
  class space    used 1330K, capacity 1378K, committed 1408K, reserved 1048576K
}

