# JRE version: Java(TM) SE Runtime Environment (8.0_91-b14) (build 1.8.0_91-b14)
# Java VM: Java HotSpot(TM) 64-Bit Server VM (25.91-b14 mixed mode linux-amd64 compressed oops)
Heap:
 PSYoungGen      total 1555456K, used 552991K [0x0000000755580000, 0x00000007c0000000, 0x00000007c0000000)
  eden space 1430016K, 31% used [0x0000000755580000,0x00000007712a7a40,0x00000007aca00000)
  from space 125440K, 77% used [0x00000007b4e80000,0x00000007bad60560,0x00000007bc900000)
  to   space 135680K, 0% used [0x00000007aca00000,0x00000007aca00000,0x00000007b4e80000)
 ParOldGen       total 873984K, used 658494K [0x0000000680000000, 0x00000006b5580000, 0x0000000755580000)
  object space 873984K, 75% used [0x0000000680000000,0x00000006a830f9d8,0x00000006b5580000)
 Metaspace       used 11920K, capacity 12164K, committed 12416K, reserved 1060864K
  class space    used 1330K, capacity 1378K, committed 1408K, reserved 1048576K
GC Heap History (10 events):
Event: 1265,220 GC heap before
{Heap before GC invocations=222 (full 6):
 PSYoungGen      total 1532928K, used 1465664K [0x0000000755580000, 0x00000007bbb00000, 0x00000007c0000000)
  eden space 1398784K, 100% used [0x0000000755580000,0x00000007aab80000,0x00000007aab80000)
  from space 134144K, 49% used [0x00000007aab80000,0x00000007aecd03b0,0x00000007b2e80000)
  to   space 131584K, 0% used [0x00000007b3a80000,0x00000007b3a80000,0x00000007bbb00000)
 ParOldGen       total 873984K, used 658214K [0x0000000680000000, 0x00000006b5580000, 0x0000000755580000)
  object space 873984K, 75% used [0x0000000680000000,0x00000006a82c99d8,0x00000006b5580000)
 Metaspace       used 11920K, capacity 12164K, committed 12416K, reserved 1060864K
  class space    used 1330K, capacity 1378K, committed 1408K, reserved 1048576K
Event: 1265,265 GC heap after
Heap after GC invocations=222 (full 6):
 PSYoungGen      total 1538048K, used 21249K [0x0000000755580000, 0x00000007bb580000, 0x00000007c0000000)
  eden space 1412096K, 0% used [0x0000000755580000,0x0000000755580000,0x00000007ab880000)
  from space 125952K, 16% used [0x00000007b3a80000,0x00000007b4f405b0,0x00000007bb580000)
  to   space 129536K, 0% used [0x00000007ab880000,0x00000007ab880000,0x00000007b3700000)
 ParOldGen       total 873984K, used 658262K [0x0000000680000000, 0x00000006b5580000, 0x0000000755580000)
  object space 873984K, 75% used [0x0000000680000000,0x00000006a82d59d8,0x00000006b5580000)
 Metaspace       used 11920K, capacity 12164K, committed 12416K, reserved 1060864K
  class space    used 1330K, capacity 1378K, committed 1408K, reserved 1048576K
}
Event: 1271,903 GC heap before
{Heap before GC invocations=223 (full 6):
 PSYoungGen      total 1538048K, used 1433345K [0x0000000755580000, 0x00000007bb580000, 0x00000007c0000000)
  eden space 1412096K, 100% used [0x0000000755580000,0x00000007ab880000,0x00000007ab880000)
  from space 125952K, 16% used [0x00000007b3a80000,0x00000007b4f405b0,0x00000007bb580000)
  to   space 129536K, 0% used [0x00000007ab880000,0x00000007ab880000,0x00000007b3700000)
 ParOldGen       total 873984K, used 658262K [0x0000000680000000, 0x00000006b5580000, 0x0000000755580000)
  object space 873984K, 75% used [0x0000000680000000,0x00000006a82d59d8,0x00000006b5580000)
 Metaspace       used 11920K, capacity 12164K, committed 12416K, reserved 1060864K
  class space    used 1330K, capacity 1378K, committed 1408K, reserved 1048576K
Event: 1272,045 GC heap after
Heap after GC invocations=223 (full 6):
 PSYoungGen      total 1541632K, used 81922K [0x0000000755580000, 0x00000007bcc00000, 0x00000007c0000000)
  eden space 1412096K, 0% used [0x0000000755580000,0x0000000755580000,0x00000007ab880000)
  from space 129536K, 63% used [0x00000007ab880000,0x00000007b08809c0,0x00000007b3700000)
  to   space 133120K, 0% used [0x00000007b4a00000,0x00000007b4a00000,0x00000007bcc00000)
 ParOldGen       total 873984K, used 658326K [0x0000000680000000, 0x00000006b5580000, 0x0000000755580000)
  object space 873984K, 75% used [0x0000000680000000,0x00000006a82e59d8,0x00000006b5580000)
 Metaspace       used 11920K, capacity 12164K, committed 12416K, reserved 1060864K
  class space    used 1330K, capacity 1378K, committed 1408K, reserved 1048576K
}
Event: 1280,294 GC heap before
{Heap before GC invocations=224 (full 6):
 PSYoungGen      total 1541632K, used 1493446K [0x0000000755580000, 0x00000007bcc00000, 0x00000007c0000000)
  eden space 1412096K, 99% used [0x0000000755580000,0x00000007ab7f0e68,0x00000007ab880000)
  from space 129536K, 63% used [0x00000007ab880000,0x00000007b08809c0,0x00000007b3700000)
  to   space 133120K, 0% used [0x00000007b4a00000,0x00000007b4a00000,0x00000007bcc00000)
 ParOldGen       total 873984K, used 658326K [0x0000000680000000, 0x00000006b5580000, 0x0000000755580000)
  object space 873984K, 75% used [0x0000000680000000,0x00000006a82e59d8,0x00000006b5580000)
 Metaspace       used 11920K, capacity 12164K, committed 12416K, reserved 1060864K
  class space    used 1330K, capacity 1378K, committed 1408K, reserved 1048576K
Event: 1280,337 GC heap after
Heap after GC invocations=224 (full 6):
 PSYoungGen      total 1555968K, used 11552K [0x0000000755580000, 0x00000007bc900000, 0x00000007c0000000)
  eden space 1425920K, 0% used [0x0000000755580000,0x0000000755580000,0x00000007ac600000)
  from space 130048K, 8% used [0x00000007b4a00000,0x00000007b5548080,0x00000007bc900000)
  to   space 132608K, 0% used [0x00000007ac600000,0x00000007ac600000,0x00000007b4780000)
 ParOldGen       total 873984K, used 658382K [0x0000000680000000, 0x00000006b5580000, 0x0000000755580000)
  object space 873984K, 75% used [0x0000000680000000,0x00000006a82f39d8,0x00000006b5580000)
 Metaspace       used 11920K, capacity 12164K, committed 12416K, reserved 1060864K
  class space    used 1330K, capacity 1378K, committed 1408K, reserved 1048576K
}
Event: 1287,926 GC heap before
{Heap before GC invocations=225 (full 6):
 PSYoungGen      total 1555968K, used 1437472K [0x0000000755580000, 0x00000007bc900000, 0x00000007c0000000)
  eden space 1425920K, 100% used [0x0000000755580000,0x00000007ac600000,0x00000007ac600000)
  from space 130048K, 8% used [0x00000007b4a00000,0x00000007b5548080,0x00000007bc900000)
  to   space 132608K, 0% used [0x00000007ac600000,0x00000007ac600000,0x00000007b4780000)
 ParOldGen       total 873984K, used 658382K [0x0000000680000000, 0x00000006b5580000, 0x0000000755580000)
  object space 873984K, 75% used [0x0000000680000000,0x00000006a82f39d8,0x00000006b5580000)
 Metaspace       used 11920K, capacity 12164K, committed 12416K, reserved 1060864K
  class space    used 1330K, capacity 1378K, committed 1408K, reserved 1048576K
Event: 1288,022 GC heap after
Heap after GC invocations=225 (full 6):
 PSYoungGen      total 1558528K, used 53472K [0x0000000755580000, 0x00000007bc900000, 0x00000007c0000000)
  eden space 1425920K, 0% used [0x0000000755580000,0x0000000755580000,0x00000007ac600000)
  from space 132608K, 40% used [0x00000007ac600000,0x00000007afa382f0,0x00000007b4780000)
  to   space 125440K, 0% used [0x00000007b4e80000,0x00000007b4e80000,0x00000007bc900000)
 ParOldGen       total 873984K, used 658430K [0x0000000680000000, 0x00000006b5580000, 0x0000000755580000)
  object space 873984K, 75% used [0x0000000680000000,0x00000006a82ff9d8,0x00000006b5580000)
 Metaspace       used 11920K, capacity 12164K, committed 12416K, reserved 1060864K
  class space    used 1330K, capacity 1378K, committed 1408K, reserved 1048576K
}
Event: 1295,484 GC heap before
{Heap before GC invocations=226 (full 6):
 PSYoungGen      total 1558528K, used 1479392K [0x0000000755580000, 0x00000007bc900000, 0x00000007c0000000)
  eden space 1425920K, 100% used [0x0000000755580000,0x00000007ac600000,0x00000007ac600000)
  from space 132608K, 40% used [0x00000007ac600000,0x00000007afa382f0,0x00000007b4780000)
  to   space 125440K, 0% used [0x00000007b4e80000,0x00000007b4e80000,0x00000007bc900000)
 ParOldGen       total 873984K, used 658430K [0x0000000680000000, 0x00000006b5580000, 0x0000000755580000)
  object space 873984K, 75% used [0x0000000680000000,0x00000006a82ff9d8,0x00000006b5580000)
 Metaspace       used 11920K, capacity 12164K, committed 12416K, reserved 1060864K
  class space    used 1330K, capacity 1378K, committed 1408K, reserved 1048576K
Event: 1298,504 GC heap after
Heap after GC invocations=226 (full 6):
 PSYoungGen      total 1555456K, used 97153K [0x0000000755580000, 0x00000007c0000000, 0x00000007c0000000)
  eden space 1430016K, 0% used [0x0000000755580000,0x0000000755580000,0x00000007aca00000)
  from space 125440K, 77% used [0x00000007b4e80000,0x00000007bad60560,0x00000007bc900000)
  to   space 135680K, 0% used [0x00000007aca00000,0x00000007aca00000,0x00000007b4e80000)
 ParOldGen       total 873984K, used 658494K [0x0000000680000000, 0x00000006b5580000, 0x0000000755580000)
  object space 873984K, 75% used [0x0000000680000000,0x00000006a830f9d8,0x00000006b5580000)
 Metaspace       used 11920K, capacity 12164K, committed 12416K, reserved 1060864K
  class space    used 1330K, capacity 1378K, committed 1408K, reserved 1048576K
}

