# JRE version: Java(TM) SE Runtime Environment (8.0_91-b14) (build 1.8.0_91-b14)
# Java VM: Java HotSpot(TM) 64-Bit Server VM (25.91-b14 mixed mode linux-amd64 compressed oops)
Heap:
 PSYoungGen      total 1386496K, used 1331933K [0x0000000755580000, 0x00000007ae580000, 0x00000007c0000000)
  eden space 1328640K, 97% used [0x0000000755580000,0x00000007a42aede0,0x00000007a6700000)
  from space 57856K, 69% used [0x00000007aa380000,0x00000007acb086b0,0x00000007adc00000)
  to   space 61952K, 0% used [0x00000007a6700000,0x00000007a6700000,0x00000007aa380000)
 ParOldGen       total 2662400K, used 2597172K [0x0000000680000000, 0x0000000722800000, 0x0000000755580000)
  object space 2662400K, 97% used [0x0000000680000000,0x000000071e84d298,0x0000000722800000)
 Metaspace       used 12030K, capacity 12224K, committed 12416K, reserved 1060864K
  class space    used 1339K, capacity 1378K, committed 1408K, reserved 1048576K
GC Heap History (10 events):
Event: 756,073 GC heap before
{Heap before GC invocations=181 (full 5):
 PSYoungGen      total 1383424K, used 1319712K [0x0000000755580000, 0x00000007ae580000, 0x00000007c0000000)
  eden space 1312768K, 100% used [0x0000000755580000,0x00000007a5780000,0x00000007a5780000)
  from space 70656K, 9% used [0x00000007a5780000,0x00000007a5e48030,0x00000007a9c80000)
  to   space 69120K, 0% used [0x00000007aa200000,0x00000007aa200000,0x00000007ae580000)
 ParOldGen       total 737792K, used 672529K [0x0000000680000000, 0x00000006ad080000, 0x0000000755580000)
  object space 737792K, 91% used [0x0000000680000000,0x00000006a90c4448,0x00000006ad080000)
 Metaspace       used 11921K, capacity 12160K, committed 12416K, reserved 1060864K
  class space    used 1330K, capacity 1378K, committed 1408K, reserved 1048576K
Event: 756,145 GC heap after
Heap after GC invocations=181 (full 5):
 PSYoungGen      total 1381888K, used 24224K [0x0000000755580000, 0x00000007ade00000, 0x00000007c0000000)
  eden space 1320448K, 0% used [0x0000000755580000,0x0000000755580000,0x00000007a5f00000)
  from space 61440K, 39% used [0x00000007aa200000,0x00000007ab9a8130,0x00000007ade00000)
  to   space 65024K, 0% used [0x00000007a5f00000,0x00000007a5f00000,0x00000007a9e80000)
 ParOldGen       total 737792K, used 672577K [0x0000000680000000, 0x00000006ad080000, 0x0000000755580000)
  object space 737792K, 91% used [0x0000000680000000,0x00000006a90d0448,0x00000006ad080000)
 Metaspace       used 11921K, capacity 12160K, committed 12416K, reserved 1060864K
  class space    used 1330K, capacity 1378K, committed 1408K, reserved 1048576K
}
Event: 761,939 GC heap before
{Heap before GC invocations=182 (full 5):
 PSYoungGen      total 1381888K, used 1344672K [0x0000000755580000, 0x00000007ade00000, 0x00000007c0000000)
  eden space 1320448K, 100% used [0x0000000755580000,0x00000007a5f00000,0x00000007a5f00000)
  from space 61440K, 39% used [0x00000007aa200000,0x00000007ab9a8130,0x00000007ade00000)
  to   space 65024K, 0% used [0x00000007a5f00000,0x00000007a5f00000,0x00000007a9e80000)
 ParOldGen       total 737792K, used 672577K [0x0000000680000000, 0x00000006ad080000, 0x0000000755580000)
  object space 737792K, 91% used [0x0000000680000000,0x00000006a90d0448,0x00000006ad080000)
 Metaspace       used 11921K, capacity 12160K, committed 12416K, reserved 1060864K
  class space    used 1330K, capacity 1378K, committed 1408K, reserved 1048576K
Event: 761,964 GC heap after
Heap after GC invocations=182 (full 5):
 PSYoungGen      total 1385472K, used 7425K [0x0000000755580000, 0x00000007ae180000, 0x00000007c0000000)
  eden space 1320448K, 0% used [0x0000000755580000,0x0000000755580000,0x00000007a5f00000)
  from space 65024K, 11% used [0x00000007a5f00000,0x00000007a6640580,0x00000007a9e80000)
  to   space 63488K, 0% used [0x00000007aa380000,0x00000007aa380000,0x00000007ae180000)
 ParOldGen       total 737792K, used 672633K [0x0000000680000000, 0x00000006ad080000, 0x0000000755580000)
  object space 737792K, 91% used [0x0000000680000000,0x00000006a90de448,0x00000006ad080000)
 Metaspace       used 11921K, capacity 12160K, committed 12416K, reserved 1060864K
  class space    used 1330K, capacity 1378K, committed 1408K, reserved 1048576K
}
Event: 767,764 GC heap before
{Heap before GC invocations=183 (full 5):
 PSYoungGen      total 1385472K, used 1327873K [0x0000000755580000, 0x00000007ae180000, 0x00000007c0000000)
  eden space 1320448K, 100% used [0x0000000755580000,0x00000007a5f00000,0x00000007a5f00000)
  from space 65024K, 11% used [0x00000007a5f00000,0x00000007a6640580,0x00000007a9e80000)
  to   space 63488K, 0% used [0x00000007aa380000,0x00000007aa380000,0x00000007ae180000)
 ParOldGen       total 737792K, used 672633K [0x0000000680000000, 0x00000006ad080000, 0x0000000755580000)
  object space 737792K, 91% used [0x0000000680000000,0x00000006a90de448,0x00000006ad080000)
 Metaspace       used 11921K, capacity 12160K, committed 12416K, reserved 1060864K
  class space    used 1330K, capacity 1378K, committed 1408K, reserved 1048576K
Event: 767,795 GC heap after
Heap after GC invocations=183 (full 5):
 PSYoungGen      total 1386496K, used 6784K [0x0000000755580000, 0x00000007ade00000, 0x00000007c0000000)
  eden space 1326592K, 0% used [0x0000000755580000,0x0000000755580000,0x00000007a6500000)
  from space 59904K, 11% used [0x00000007aa380000,0x00000007aaa20030,0x00000007ade00000)
  to   space 61952K, 0% used [0x00000007a6500000,0x00000007a6500000,0x00000007aa180000)
 ParOldGen       total 737792K, used 672817K [0x0000000680000000, 0x00000006ad080000, 0x0000000755580000)
  object space 737792K, 91% used [0x0000000680000000,0x00000006a910c448,0x00000006ad080000)
 Metaspace       used 11921K, capacity 12160K, committed 12416K, reserved 1060864K
  class space    used 1330K, capacity 1378K, committed 1408K, reserved 1048576K
}
Event: 774,466 GC heap before
{Heap before GC invocations=184 (full 5):
 PSYoungGen      total 1386496K, used 1333376K [0x0000000755580000, 0x00000007ade00000, 0x00000007c0000000)
  eden space 1326592K, 100% used [0x0000000755580000,0x00000007a6500000,0x00000007a6500000)
  from space 59904K, 11% used [0x00000007aa380000,0x00000007aaa20030,0x00000007ade00000)
  to   space 61952K, 0% used [0x00000007a6500000,0x00000007a6500000,0x00000007aa180000)
 ParOldGen       total 737792K, used 672817K [0x0000000680000000, 0x00000006ad080000, 0x0000000755580000)
  object space 737792K, 91% used [0x0000000680000000,0x00000006a910c448,0x00000006ad080000)
 Metaspace       used 11927K, capacity 12160K, committed 12416K, reserved 1060864K
  class space    used 1330K, capacity 1378K, committed 1408K, reserved 1048576K
Event: 774,511 GC heap after
Heap after GC invocations=184 (full 5):
 PSYoungGen      total 1388544K, used 17312K [0x0000000755580000, 0x00000007adc00000, 0x00000007c0000000)
  eden space 1326592K, 0% used [0x0000000755580000,0x0000000755580000,0x00000007a6500000)
  from space 61952K, 27% used [0x00000007a6500000,0x00000007a75e80d0,0x00000007aa180000)
  to   space 57856K, 0% used [0x00000007aa380000,0x00000007aa380000,0x00000007adc00000)
 ParOldGen       total 737792K, used 672873K [0x0000000680000000, 0x00000006ad080000, 0x0000000755580000)
  object space 737792K, 91% used [0x0000000680000000,0x00000006a911a448,0x00000006ad080000)
 Metaspace       used 11927K, capacity 12160K, committed 12416K, reserved 1060864K
  class space    used 1330K, capacity 1378K, committed 1408K, reserved 1048576K
}
Event: 780,275 GC heap before
{Heap before GC invocations=185 (full 5):
 PSYoungGen      total 1388544K, used 1343904K [0x0000000755580000, 0x00000007adc00000, 0x00000007c0000000)
  eden space 1326592K, 100% used [0x0000000755580000,0x00000007a6500000,0x00000007a6500000)
  from space 61952K, 27% used [0x00000007a6500000,0x00000007a75e80d0,0x00000007aa180000)
  to   space 57856K, 0% used [0x00000007aa380000,0x00000007aa380000,0x00000007adc00000)
 ParOldGen       total 737792K, used 672873K [0x0000000680000000, 0x00000006ad080000, 0x0000000755580000)
  object space 737792K, 91% used [0x0000000680000000,0x00000006a911a448,0x00000006ad080000)
 Metaspace       used 11934K, capacity 12160K, committed 12416K, reserved 1060864K
  class space    used 1330K, capacity 1378K, committed 1408K, reserved 1048576K
Event: 780,368 GC heap after
Heap after GC invocations=185 (full 5):
 PSYoungGen      total 1386496K, used 40481K [0x0000000755580000, 0x00000007ae580000, 0x00000007c0000000)
  eden space 1328640K, 0% used [0x0000000755580000,0x0000000755580000,0x00000007a6700000)
  from space 57856K, 69% used [0x00000007aa380000,0x00000007acb086b0,0x00000007adc00000)
  to   space 61952K, 0% used [0x00000007a6700000,0x00000007a6700000,0x00000007aa380000)
 ParOldGen       total 737792K, used 672921K [0x0000000680000000, 0x00000006ad080000, 0x0000000755580000)
  object space 737792K, 91% used [0x0000000680000000,0x00000006a9126448,0x00000006ad080000)
 Metaspace       used 11934K, capacity 12160K, committed 12416K, reserved 1060864K
  class space    used 1330K, capacity 1378K, committed 1408K, reserved 1048576K
}

