# JRE version: Java(TM) SE Runtime Environment (8.0_91-b14) (build 1.8.0_91-b14)
# Java VM: Java HotSpot(TM) 64-Bit Server VM (25.91-b14 mixed mode linux-amd64 compressed oops)
Heap:
 PSYoungGen      total 1518080K, used 843385K [0x0000000755580000, 0x00000007b9280000, 0x00000007c0000000)
  eden space 1411584K, 59% used [0x0000000755580000,0x00000007889be6b8,0x00000007ab800000)
  from space 106496K, 3% used [0x00000007ab800000,0x00000007abb60030,0x00000007b2000000)
  to   space 103936K, 0% used [0x00000007b2d00000,0x00000007b2d00000,0x00000007b9280000)
 ParOldGen       total 896512K, used 703732K [0x0000000680000000, 0x00000006b6b80000, 0x0000000755580000)
  object space 896512K, 78% used [0x0000000680000000,0x00000006aaf3d3f0,0x00000006b6b80000)
 Metaspace       used 11900K, capacity 12096K, committed 12160K, reserved 1060864K
  class space    used 1330K, capacity 1378K, committed 1408K, reserved 1048576K
GC Heap History (10 events):
Event: 796,013 GC heap before
{Heap before GC invocations=239 (full 6):
 PSYoungGen      total 1468416K, used 1361757K [0x0000000755580000, 0x00000007b7100000, 0x00000007c0000000)
  eden space 1359360K, 99% used [0x0000000755580000,0x00000007a845f078,0x00000007a8500000)
  from space 109056K, 2% used [0x00000007b0680000,0x00000007b09784b0,0x00000007b7100000)
  to   space 120832K, 0% used [0x00000007a8500000,0x00000007a8500000,0x00000007afb00000)
 ParOldGen       total 896512K, used 703500K [0x0000000680000000, 0x00000006b6b80000, 0x0000000755580000)
  object space 896512K, 78% used [0x0000000680000000,0x00000006aaf033f0,0x00000006b6b80000)
 Metaspace       used 11900K, capacity 12096K, committed 12160K, reserved 1060864K
  class space    used 1330K, capacity 1378K, committed 1408K, reserved 1048576K
Event: 796,020 GC heap after
Heap after GC invocations=239 (full 6):
 PSYoungGen      total 1480192K, used 2192K [0x0000000755580000, 0x00000007b9300000, 0x00000007c0000000)
  eden space 1359360K, 0% used [0x0000000755580000,0x0000000755580000,0x00000007a8500000)
  from space 120832K, 1% used [0x00000007a8500000,0x00000007a87242c8,0x00000007afb00000)
  to   space 119296K, 0% used [0x00000007b1e80000,0x00000007b1e80000,0x00000007b9300000)
 ParOldGen       total 896512K, used 703548K [0x0000000680000000, 0x00000006b6b80000, 0x0000000755580000)
  object space 896512K, 78% used [0x0000000680000000,0x00000006aaf0f3f0,0x00000006b6b80000)
 Metaspace       used 11900K, capacity 12096K, committed 12160K, reserved 1060864K
  class space    used 1330K, capacity 1378K, committed 1408K, reserved 1048576K
}
Event: 799,578 GC heap before
{Heap before GC invocations=240 (full 6):
 PSYoungGen      total 1480192K, used 1361552K [0x0000000755580000, 0x00000007b9300000, 0x00000007c0000000)
  eden space 1359360K, 100% used [0x0000000755580000,0x00000007a8500000,0x00000007a8500000)
  from space 120832K, 1% used [0x00000007a8500000,0x00000007a87242c8,0x00000007afb00000)
  to   space 119296K, 0% used [0x00000007b1e80000,0x00000007b1e80000,0x00000007b9300000)
 ParOldGen       total 896512K, used 703548K [0x0000000680000000, 0x00000006b6b80000, 0x0000000755580000)
  object space 896512K, 78% used [0x0000000680000000,0x00000006aaf0f3f0,0x00000006b6b80000)
 Metaspace       used 11900K, capacity 12096K, committed 12160K, reserved 1060864K
  class space    used 1330K, capacity 1378K, committed 1408K, reserved 1048576K
Event: 799,627 GC heap after
Heap after GC invocations=240 (full 6):
 PSYoungGen      total 1488896K, used 35425K [0x0000000755580000, 0x00000007b7d80000, 0x00000007c0000000)
  eden space 1391616K, 0% used [0x0000000755580000,0x0000000755580000,0x00000007aa480000)
  from space 97280K, 36% used [0x00000007b1e80000,0x00000007b4118740,0x00000007b7d80000)
  to   space 111104K, 0% used [0x00000007aa480000,0x00000007aa480000,0x00000007b1100000)
 ParOldGen       total 896512K, used 703548K [0x0000000680000000, 0x00000006b6b80000, 0x0000000755580000)
  object space 896512K, 78% used [0x0000000680000000,0x00000006aaf0f3f0,0x00000006b6b80000)
 Metaspace       used 11900K, capacity 12096K, committed 12160K, reserved 1060864K
  class space    used 1330K, capacity 1378K, committed 1408K, reserved 1048576K
}
Event: 802,147 GC heap before
{Heap before GC invocations=241 (full 6):
 PSYoungGen      total 1488896K, used 1427041K [0x0000000755580000, 0x00000007b7d80000, 0x00000007c0000000)
  eden space 1391616K, 100% used [0x0000000755580000,0x00000007aa480000,0x00000007aa480000)
  from space 97280K, 36% used [0x00000007b1e80000,0x00000007b4118740,0x00000007b7d80000)
  to   space 111104K, 0% used [0x00000007aa480000,0x00000007aa480000,0x00000007b1100000)
 ParOldGen       total 896512K, used 703548K [0x0000000680000000, 0x00000006b6b80000, 0x0000000755580000)
  object space 896512K, 78% used [0x0000000680000000,0x00000006aaf0f3f0,0x00000006b6b80000)
 Metaspace       used 11900K, capacity 12096K, committed 12160K, reserved 1060864K
  class space    used 1330K, capacity 1378K, committed 1408K, reserved 1048576K
Event: 802,156 GC heap after
Heap after GC invocations=241 (full 6):
 PSYoungGen      total 1502720K, used 4993K [0x0000000755580000, 0x00000007b9300000, 0x00000007c0000000)
  eden space 1391616K, 0% used [0x0000000755580000,0x0000000755580000,0x00000007aa480000)
  from space 111104K, 4% used [0x00000007aa480000,0x00000007aa9605c0,0x00000007b1100000)
  to   space 109056K, 0% used [0x00000007b2880000,0x00000007b2880000,0x00000007b9300000)
 ParOldGen       total 896512K, used 703612K [0x0000000680000000, 0x00000006b6b80000, 0x0000000755580000)
  object space 896512K, 78% used [0x0000000680000000,0x00000006aaf1f3f0,0x00000006b6b80000)
 Metaspace       used 11900K, capacity 12096K, committed 12160K, reserved 1060864K
  class space    used 1330K, capacity 1378K, committed 1408K, reserved 1048576K
}
Event: 817,854 GC heap before
{Heap before GC invocations=242 (full 6):
 PSYoungGen      total 1502720K, used 1396609K [0x0000000755580000, 0x00000007b9300000, 0x00000007c0000000)
  eden space 1391616K, 100% used [0x0000000755580000,0x00000007aa480000,0x00000007aa480000)
  from space 111104K, 4% used [0x00000007aa480000,0x00000007aa9605c0,0x00000007b1100000)
  to   space 109056K, 0% used [0x00000007b2880000,0x00000007b2880000,0x00000007b9300000)
 ParOldGen       total 896512K, used 703612K [0x0000000680000000, 0x00000006b6b80000, 0x0000000755580000)
  object space 896512K, 78% used [0x0000000680000000,0x00000006aaf1f3f0,0x00000006b6b80000)
 Metaspace       used 11900K, capacity 12096K, committed 12160K, reserved 1060864K
  class space    used 1330K, capacity 1378K, committed 1408K, reserved 1048576K
Event: 817,862 GC heap after
Heap after GC invocations=242 (full 6):
 PSYoungGen      total 1509376K, used 4321K [0x0000000755580000, 0x00000007b8800000, 0x00000007c0000000)
  eden space 1411584K, 0% used [0x0000000755580000,0x0000000755580000,0x00000007ab800000)
  from space 97792K, 4% used [0x00000007b2880000,0x00000007b2cb84d0,0x00000007b8800000)
  to   space 106496K, 0% used [0x00000007ab800000,0x00000007ab800000,0x00000007b2000000)
 ParOldGen       total 896512K, used 703684K [0x0000000680000000, 0x00000006b6b80000, 0x0000000755580000)
  object space 896512K, 78% used [0x0000000680000000,0x00000006aaf313f0,0x00000006b6b80000)
 Metaspace       used 11900K, capacity 12096K, committed 12160K, reserved 1060864K
  class space    used 1330K, capacity 1378K, committed 1408K, reserved 1048576K
}
Event: 832,277 GC heap before
{Heap before GC invocations=243 (full 6):
 PSYoungGen      total 1509376K, used 1415832K [0x0000000755580000, 0x00000007b8800000, 0x00000007c0000000)
  eden space 1411584K, 99% used [0x0000000755580000,0x00000007ab7edce0,0x00000007ab800000)
  from space 97792K, 4% used [0x00000007b2880000,0x00000007b2cb84d0,0x00000007b8800000)
  to   space 106496K, 0% used [0x00000007ab800000,0x00000007ab800000,0x00000007b2000000)
 ParOldGen       total 896512K, used 703684K [0x0000000680000000, 0x00000006b6b80000, 0x0000000755580000)
  object space 896512K, 78% used [0x0000000680000000,0x00000006aaf313f0,0x00000006b6b80000)
 Metaspace       used 11900K, capacity 12096K, committed 12160K, reserved 1060864K
  class space    used 1330K, capacity 1378K, committed 1408K, reserved 1048576K
Event: 832,293 GC heap after
Heap after GC invocations=243 (full 6):
 PSYoungGen      total 1518080K, used 3456K [0x0000000755580000, 0x00000007b9280000, 0x00000007c0000000)
  eden space 1411584K, 0% used [0x0000000755580000,0x0000000755580000,0x00000007ab800000)
  from space 106496K, 3% used [0x00000007ab800000,0x00000007abb60030,0x00000007b2000000)
  to   space 103936K, 0% used [0x00000007b2d00000,0x00000007b2d00000,0x00000007b9280000)
 ParOldGen       total 896512K, used 703732K [0x0000000680000000, 0x00000006b6b80000, 0x0000000755580000)
  object space 896512K, 78% used [0x0000000680000000,0x00000006aaf3d3f0,0x00000006b6b80000)
 Metaspace       used 11900K, capacity 12096K, committed 12160K, reserved 1060864K
  class space    used 1330K, capacity 1378K, committed 1408K, reserved 1048576K
}

