# JRE version: Java(TM) SE Runtime Environment (8.0_91-b14) (build 1.8.0_91-b14)
# Java VM: Java HotSpot(TM) 64-Bit Server VM (25.91-b14 mixed mode linux-amd64 compressed oops)
Heap:
 PSYoungGen      total 1336320K, used 797764K [0x0000000755580000, 0x00000007af580000, 0x00000007c0000000)
  eden space 1243136K, 57% used [0x0000000755580000,0x000000078141c7a0,0x00000007a1380000)
  from space 93184K, 84% used [0x00000007a7780000,0x00000007ac3f4990,0x00000007ad280000)
  to   space 102400K, 0% used [0x00000007a1380000,0x00000007a1380000,0x00000007a7780000)
 ParOldGen       total 927232K, used 700491K [0x0000000680000000, 0x00000006b8980000, 0x0000000755580000)
  object space 927232K, 75% used [0x0000000680000000,0x00000006aac12e18,0x00000006b8980000)
 Metaspace       used 11926K, capacity 12160K, committed 12416K, reserved 1060864K
  class space    used 1330K, capacity 1378K, committed 1408K, reserved 1048576K
GC Heap History (10 events):
Event: 1028,282 GC heap before
{Heap before GC invocations=306 (full 6):
 PSYoungGen      total 1299968K, used 1274721K [0x0000000755580000, 0x00000007a9b00000, 0x00000007c0000000)
  eden space 1230336K, 100% used [0x0000000755580000,0x00000007a0700000,0x00000007a0700000)
  from space 69632K, 63% used [0x00000007a0700000,0x00000007a32587a0,0x00000007a4b00000)
  to   space 71680K, 0% used [0x00000007a5500000,0x00000007a5500000,0x00000007a9b00000)
 ParOldGen       total 927232K, used 700259K [0x0000000680000000, 0x00000006b8980000, 0x0000000755580000)
  object space 927232K, 75% used [0x0000000680000000,0x00000006aabd8e18,0x00000006b8980000)
 Metaspace       used 11926K, capacity 12160K, committed 12416K, reserved 1060864K
  class space    used 1330K, capacity 1378K, committed 1408K, reserved 1048576K
Event: 1028,359 GC heap after
Heap after GC invocations=306 (full 6):
 PSYoungGen      total 1307136K, used 47744K [0x0000000755580000, 0x00000007aa180000, 0x00000007c0000000)
  eden space 1235456K, 0% used [0x0000000755580000,0x0000000755580000,0x00000007a0c00000)
  from space 71680K, 66% used [0x00000007a5500000,0x00000007a83a0290,0x00000007a9b00000)
  to   space 74752K, 0% used [0x00000007a0c00000,0x00000007a0c00000,0x00000007a5500000)
 ParOldGen       total 927232K, used 700323K [0x0000000680000000, 0x00000006b8980000, 0x0000000755580000)
  object space 927232K, 75% used [0x0000000680000000,0x00000006aabe8e18,0x00000006b8980000)
 Metaspace       used 11926K, capacity 12160K, committed 12416K, reserved 1060864K
  class space    used 1330K, capacity 1378K, committed 1408K, reserved 1048576K
}
Event: 1033,936 GC heap before
{Heap before GC invocations=307 (full 6):
 PSYoungGen      total 1307136K, used 1283200K [0x0000000755580000, 0x00000007aa180000, 0x00000007c0000000)
  eden space 1235456K, 100% used [0x0000000755580000,0x00000007a0c00000,0x00000007a0c00000)
  from space 71680K, 66% used [0x00000007a5500000,0x00000007a83a0290,0x00000007a9b00000)
  to   space 74752K, 0% used [0x00000007a0c00000,0x00000007a0c00000,0x00000007a5500000)
 ParOldGen       total 927232K, used 700323K [0x0000000680000000, 0x00000006b8980000, 0x0000000755580000)
  object space 927232K, 75% used [0x0000000680000000,0x00000006aabe8e18,0x00000006b8980000)
 Metaspace       used 11926K, capacity 12160K, committed 12416K, reserved 1060864K
  class space    used 1330K, capacity 1378K, committed 1408K, reserved 1048576K
Event: 1034,032 GC heap after
Heap after GC invocations=307 (full 6):
 PSYoungGen      total 1310208K, used 55265K [0x0000000755580000, 0x00000007ab080000, 0x00000007c0000000)
  eden space 1235456K, 0% used [0x0000000755580000,0x0000000755580000,0x00000007a0c00000)
  from space 74752K, 73% used [0x00000007a0c00000,0x00000007a41f8720,0x00000007a5500000)
  to   space 79360K, 0% used [0x00000007a6300000,0x00000007a6300000,0x00000007ab080000)
 ParOldGen       total 927232K, used 700363K [0x0000000680000000, 0x00000006b8980000, 0x0000000755580000)
  object space 927232K, 75% used [0x0000000680000000,0x00000006aabf2e18,0x00000006b8980000)
 Metaspace       used 11926K, capacity 12160K, committed 12416K, reserved 1060864K
  class space    used 1330K, capacity 1378K, committed 1408K, reserved 1048576K
}
Event: 1039,408 GC heap before
{Heap before GC invocations=308 (full 6):
 PSYoungGen      total 1310208K, used 1290721K [0x0000000755580000, 0x00000007ab080000, 0x00000007c0000000)
  eden space 1235456K, 100% used [0x0000000755580000,0x00000007a0c00000,0x00000007a0c00000)
  from space 74752K, 73% used [0x00000007a0c00000,0x00000007a41f8720,0x00000007a5500000)
  to   space 79360K, 0% used [0x00000007a6300000,0x00000007a6300000,0x00000007ab080000)
 ParOldGen       total 927232K, used 700363K [0x0000000680000000, 0x00000006b8980000, 0x0000000755580000)
  object space 927232K, 75% used [0x0000000680000000,0x00000006aabf2e18,0x00000006b8980000)
 Metaspace       used 11926K, capacity 12160K, committed 12416K, reserved 1060864K
  class space    used 1330K, capacity 1378K, committed 1408K, reserved 1048576K
Event: 1039,567 GC heap after
Heap after GC invocations=308 (full 6):
 PSYoungGen      total 1318912K, used 60992K [0x0000000755580000, 0x00000007abe00000, 0x00000007c0000000)
  eden space 1239552K, 0% used [0x0000000755580000,0x0000000755580000,0x00000007a1000000)
  from space 79360K, 76% used [0x00000007a6300000,0x00000007a9e90350,0x00000007ab080000)
  to   space 84992K, 0% used [0x00000007a1000000,0x00000007a1000000,0x00000007a6300000)
 ParOldGen       total 927232K, used 700411K [0x0000000680000000, 0x00000006b8980000, 0x0000000755580000)
  object space 927232K, 75% used [0x0000000680000000,0x00000006aabfee18,0x00000006b8980000)
 Metaspace       used 11926K, capacity 12160K, committed 12416K, reserved 1060864K
  class space    used 1330K, capacity 1378K, committed 1408K, reserved 1048576K
}
Event: 1045,746 GC heap before
{Heap before GC invocations=309 (full 6):
 PSYoungGen      total 1318912K, used 1300524K [0x0000000755580000, 0x00000007abe00000, 0x00000007c0000000)
  eden space 1239552K, 99% used [0x0000000755580000,0x00000007a0ffaee0,0x00000007a1000000)
  from space 79360K, 76% used [0x00000007a6300000,0x00000007a9e90350,0x00000007ab080000)
  to   space 84992K, 0% used [0x00000007a1000000,0x00000007a1000000,0x00000007a6300000)
 ParOldGen       total 927232K, used 700411K [0x0000000680000000, 0x00000006b8980000, 0x0000000755580000)
  object space 927232K, 75% used [0x0000000680000000,0x00000006aabfee18,0x00000006b8980000)
 Metaspace       used 11926K, capacity 12160K, committed 12416K, reserved 1060864K
  class space    used 1330K, capacity 1378K, committed 1408K, reserved 1048576K
Event: 1045,871 GC heap after
Heap after GC invocations=309 (full 6):
 PSYoungGen      total 1324544K, used 70641K [0x0000000755580000, 0x00000007ad280000, 0x00000007c0000000)
  eden space 1239552K, 0% used [0x0000000755580000,0x0000000755580000,0x00000007a1000000)
  from space 84992K, 83% used [0x00000007a1000000,0x00000007a54fc698,0x00000007a6300000)
  to   space 93184K, 0% used [0x00000007a7780000,0x00000007a7780000,0x00000007ad280000)
 ParOldGen       total 927232K, used 700451K [0x0000000680000000, 0x00000006b8980000, 0x0000000755580000)
  object space 927232K, 75% used [0x0000000680000000,0x00000006aac08e18,0x00000006b8980000)
 Metaspace       used 11926K, capacity 12160K, committed 12416K, reserved 1060864K
  class space    used 1330K, capacity 1378K, committed 1408K, reserved 1048576K
}
Event: 1051,537 GC heap before
{Heap before GC invocations=310 (full 6):
 PSYoungGen      total 1324544K, used 1310193K [0x0000000755580000, 0x00000007ad280000, 0x00000007c0000000)
  eden space 1239552K, 100% used [0x0000000755580000,0x00000007a1000000,0x00000007a1000000)
  from space 84992K, 83% used [0x00000007a1000000,0x00000007a54fc698,0x00000007a6300000)
  to   space 93184K, 0% used [0x00000007a7780000,0x00000007a7780000,0x00000007ad280000)
 ParOldGen       total 927232K, used 700451K [0x0000000680000000, 0x00000006b8980000, 0x0000000755580000)
  object space 927232K, 75% used [0x0000000680000000,0x00000006aac08e18,0x00000006b8980000)
 Metaspace       used 11926K, capacity 12160K, committed 12416K, reserved 1060864K
  class space    used 1330K, capacity 1378K, committed 1408K, reserved 1048576K
Event: 1052,371 GC heap after
Heap after GC invocations=310 (full 6):
 PSYoungGen      total 1336320K, used 78290K [0x0000000755580000, 0x00000007af580000, 0x00000007c0000000)
  eden space 1243136K, 0% used [0x0000000755580000,0x0000000755580000,0x00000007a1380000)
  from space 93184K, 84% used [0x00000007a7780000,0x00000007ac3f4990,0x00000007ad280000)
  to   space 102400K, 0% used [0x00000007a1380000,0x00000007a1380000,0x00000007a7780000)
 ParOldGen       total 927232K, used 700491K [0x0000000680000000, 0x00000006b8980000, 0x0000000755580000)
  object space 927232K, 75% used [0x0000000680000000,0x00000006aac12e18,0x00000006b8980000)
 Metaspace       used 11926K, capacity 12160K, committed 12416K, reserved 1060864K
  class space    used 1330K, capacity 1378K, committed 1408K, reserved 1048576K
}

