# JRE version: Java(TM) SE Runtime Environment (8.0_91-b14) (build 1.8.0_91-b14)
# Java VM: Java HotSpot(TM) 64-Bit Server VM (25.91-b14 mixed mode linux-amd64 compressed oops)
Heap:
 PSYoungGen      total 1575936K, used 137025K [0x0000000755580000, 0x00000007c0000000, 0x00000007c0000000)
  eden space 1478144K, 2% used [0x0000000755580000,0x0000000757c00270,0x00000007af900000)
  from space 97792K, 99% used [0x00000007af900000,0x00000007b5850560,0x00000007b5880000)
  to   space 137216K, 0% used [0x00000007b7a00000,0x00000007b7a00000,0x00000007c0000000)
 ParOldGen       total 804352K, used 669476K [0x0000000680000000, 0x00000006b1180000, 0x0000000755580000)
  object space 804352K, 83% used [0x0000000680000000,0x00000006a8dc9040,0x00000006b1180000)
 Metaspace       used 11914K, capacity 12112K, committed 12160K, reserved 1060864K
  class space    used 1330K, capacity 1378K, committed 1408K, reserved 1048576K
GC Heap History (10 events):
Event: 1052,660 GC heap before
{Heap before GC invocations=195 (full 6):
 PSYoungGen      total 1616384K, used 1555110K [0x0000000755580000, 0x00000007c0000000, 0x00000007c0000000)
  eden space 1480192K, 99% used [0x0000000755580000,0x00000007afaa1458,0x00000007afb00000)
  from space 136192K, 55% used [0x00000007b7b00000,0x00000007bc488410,0x00000007c0000000)
  to   space 131072K, 0% used [0x00000007afb00000,0x00000007afb00000,0x00000007b7b00000)
 ParOldGen       total 804352K, used 669180K [0x0000000680000000, 0x00000006b1180000, 0x0000000755580000)
  object space 804352K, 83% used [0x0000000680000000,0x00000006a8d7f040,0x00000006b1180000)
 Metaspace       used 11914K, capacity 12112K, committed 12160K, reserved 1060864K
  class space    used 1330K, capacity 1378K, committed 1408K, reserved 1048576K
Event: 1052,862 GC heap after
Heap after GC invocations=195 (full 6):
 PSYoungGen      total 1558016K, used 77313K [0x0000000755580000, 0x00000007bf200000, 0x00000007c0000000)
  eden space 1480192K, 0% used [0x0000000755580000,0x0000000755580000,0x00000007afb00000)
  from space 77824K, 99% used [0x00000007afb00000,0x00000007b4680420,0x00000007b4700000)
  to   space 126464K, 0% used [0x00000007b7680000,0x00000007b7680000,0x00000007bf200000)
 ParOldGen       total 804352K, used 669244K [0x0000000680000000, 0x00000006b1180000, 0x0000000755580000)
  object space 804352K, 83% used [0x0000000680000000,0x00000006a8d8f040,0x00000006b1180000)
 Metaspace       used 11914K, capacity 12112K, committed 12160K, reserved 1060864K
  class space    used 1330K, capacity 1378K, committed 1408K, reserved 1048576K
}
Event: 1056,958 GC heap before
{Heap before GC invocations=196 (full 6):
 PSYoungGen      total 1558016K, used 1557505K [0x0000000755580000, 0x00000007bf200000, 0x00000007c0000000)
  eden space 1480192K, 100% used [0x0000000755580000,0x00000007afb00000,0x00000007afb00000)
  from space 77824K, 99% used [0x00000007afb00000,0x00000007b4680420,0x00000007b4700000)
  to   space 126464K, 0% used [0x00000007b7680000,0x00000007b7680000,0x00000007bf200000)
 ParOldGen       total 804352K, used 669244K [0x0000000680000000, 0x00000006b1180000, 0x0000000755580000)
  object space 804352K, 83% used [0x0000000680000000,0x00000006a8d8f040,0x00000006b1180000)
 Metaspace       used 11914K, capacity 12112K, committed 12160K, reserved 1060864K
  class space    used 1330K, capacity 1378K, committed 1408K, reserved 1048576K
Event: 1057,462 GC heap after
Heap after GC invocations=196 (full 6):
 PSYoungGen      total 1609216K, used 85346K [0x0000000755580000, 0x00000007c0000000, 0x00000007c0000000)
  eden space 1482752K, 0% used [0x0000000755580000,0x0000000755580000,0x00000007afd80000)
  from space 126464K, 67% used [0x00000007b7680000,0x00000007bc9d8930,0x00000007bf200000)
  to   space 123904K, 0% used [0x00000007afd80000,0x00000007afd80000,0x00000007b7680000)
 ParOldGen       total 804352K, used 669308K [0x0000000680000000, 0x00000006b1180000, 0x0000000755580000)
  object space 804352K, 83% used [0x0000000680000000,0x00000006a8d9f040,0x00000006b1180000)
 Metaspace       used 11914K, capacity 12112K, committed 12160K, reserved 1060864K
  class space    used 1330K, capacity 1378K, committed 1408K, reserved 1048576K
}
Event: 1061,264 GC heap before
{Heap before GC invocations=197 (full 6):
 PSYoungGen      total 1609216K, used 1568098K [0x0000000755580000, 0x00000007c0000000, 0x00000007c0000000)
  eden space 1482752K, 100% used [0x0000000755580000,0x00000007afd80000,0x00000007afd80000)
  from space 126464K, 67% used [0x00000007b7680000,0x00000007bc9d8930,0x00000007bf200000)
  to   space 123904K, 0% used [0x00000007afd80000,0x00000007afd80000,0x00000007b7680000)
 ParOldGen       total 804352K, used 669308K [0x0000000680000000, 0x00000006b1180000, 0x0000000755580000)
  object space 804352K, 83% used [0x0000000680000000,0x00000006a8d9f040,0x00000006b1180000)
 Metaspace       used 11914K, capacity 12112K, committed 12160K, reserved 1060864K
  class space    used 1330K, capacity 1378K, committed 1408K, reserved 1048576K
Event: 1063,748 GC heap after
Heap after GC invocations=197 (full 6):
 PSYoungGen      total 1606656K, used 98754K [0x0000000755580000, 0x00000007c0000000, 0x00000007c0000000)
  eden space 1482752K, 0% used [0x0000000755580000,0x0000000755580000,0x00000007afd80000)
  from space 123904K, 79% used [0x00000007afd80000,0x00000007b5df0a00,0x00000007b7680000)
  to   space 126464K, 0% used [0x00000007b8480000,0x00000007b8480000,0x00000007c0000000)
 ParOldGen       total 804352K, used 669372K [0x0000000680000000, 0x00000006b1180000, 0x0000000755580000)
  object space 804352K, 83% used [0x0000000680000000,0x00000006a8daf040,0x00000006b1180000)
 Metaspace       used 11914K, capacity 12112K, committed 12160K, reserved 1060864K
  class space    used 1330K, capacity 1378K, committed 1408K, reserved 1048576K
}
Event: 1071,368 GC heap before
{Heap before GC invocations=198 (full 6):
 PSYoungGen      total 1606656K, used 1581506K [0x0000000755580000, 0x00000007c0000000, 0x00000007c0000000)
  eden space 1482752K, 100% used [0x0000000755580000,0x00000007afd80000,0x00000007afd80000)
  from space 123904K, 79% used [0x00000007afd80000,0x00000007b5df0a00,0x00000007b7680000)
  to   space 126464K, 0% used [0x00000007b8480000,0x00000007b8480000,0x00000007c0000000)
 ParOldGen       total 804352K, used 669372K [0x0000000680000000, 0x00000006b1180000, 0x0000000755580000)
  object space 804352K, 83% used [0x0000000680000000,0x00000006a8daf040,0x00000006b1180000)
 Metaspace       used 11914K, capacity 12112K, committed 12160K, reserved 1060864K
  class space    used 1330K, capacity 1378K, committed 1408K, reserved 1048576K
Event: 1072,723 GC heap after
Heap after GC invocations=198 (full 6):
 PSYoungGen      total 1604608K, used 7617K [0x0000000755580000, 0x00000007c0000000, 0x00000007c0000000)
  eden space 1478144K, 0% used [0x0000000755580000,0x0000000755580000,0x00000007af900000)
  from space 126464K, 6% used [0x00000007b8480000,0x00000007b8bf04d0,0x00000007c0000000)
  to   space 134656K, 0% used [0x00000007af900000,0x00000007af900000,0x00000007b7c80000)
 ParOldGen       total 804352K, used 669436K [0x0000000680000000, 0x00000006b1180000, 0x0000000755580000)
  object space 804352K, 83% used [0x0000000680000000,0x00000006a8dbf040,0x00000006b1180000)
 Metaspace       used 11914K, capacity 12112K, committed 12160K, reserved 1060864K
  class space    used 1330K, capacity 1378K, committed 1408K, reserved 1048576K
}
Event: 1082,133 GC heap before
{Heap before GC invocations=199 (full 6):
 PSYoungGen      total 1604608K, used 1485761K [0x0000000755580000, 0x00000007c0000000, 0x00000007c0000000)
  eden space 1478144K, 100% used [0x0000000755580000,0x00000007af900000,0x00000007af900000)
  from space 126464K, 6% used [0x00000007b8480000,0x00000007b8bf04d0,0x00000007c0000000)
  to   space 134656K, 0% used [0x00000007af900000,0x00000007af900000,0x00000007b7c80000)
 ParOldGen       total 804352K, used 669436K [0x0000000680000000, 0x00000006b1180000, 0x0000000755580000)
  object space 804352K, 83% used [0x0000000680000000,0x00000006a8dbf040,0x00000006b1180000)
 Metaspace       used 11914K, capacity 12112K, committed 12160K, reserved 1060864K
  class space    used 1330K, capacity 1378K, committed 1408K, reserved 1048576K
Event: 1082,735 GC heap after
Heap after GC invocations=199 (full 6):
 PSYoungGen      total 1575936K, used 97601K [0x0000000755580000, 0x00000007c0000000, 0x00000007c0000000)
  eden space 1478144K, 0% used [0x0000000755580000,0x0000000755580000,0x00000007af900000)
  from space 97792K, 99% used [0x00000007af900000,0x00000007b5850560,0x00000007b5880000)
  to   space 137216K, 0% used [0x00000007b7a00000,0x00000007b7a00000,0x00000007c0000000)
 ParOldGen       total 804352K, used 669476K [0x0000000680000000, 0x00000006b1180000, 0x0000000755580000)
  object space 804352K, 83% used [0x0000000680000000,0x00000006a8dc9040,0x00000006b1180000)
 Metaspace       used 11914K, capacity 12112K, committed 12160K, reserved 1060864K
  class space    used 1330K, capacity 1378K, committed 1408K, reserved 1048576K
}

